<?xml version="1.0" encoding="UTF-8"?>
<coverage generated="1683460967990" clover="3.2.0">
  <project timestamp="1683460967990" name="All files">
    <metrics statements="311" coveredstatements="183" conditionals="176" coveredconditionals="86" methods="80" coveredmethods="41" elements="567" coveredelements="310" complexity="0" loc="311" ncloc="311" packages="2" files="4" classes="4"/>
    <package name="app">
      <metrics statements="209" coveredstatements="116" conditionals="129" coveredconditionals="53" methods="55" coveredmethods="24"/>
      <file name="GSDAM.js" path="D:\zland_wkspc\web_all_ws1\ex4njs_resimplifyserver\app\GSDAM.js">
        <metrics statements="146" coveredstatements="109" conditionals="105" coveredconditionals="53" methods="33" coveredmethods="24"/>
        <line num="4" count="34" type="stmt"/>
        <line num="6" count="34" type="stmt"/>
        <line num="26" count="4" type="cond" truecount="4" falsecount="0"/>
        <line num="27" count="3" type="cond" truecount="4" falsecount="0"/>
        <line num="28" count="2" type="cond" truecount="3" falsecount="1"/>
        <line num="29" count="1" type="stmt"/>
        <line num="32" count="10" type="cond" truecount="2" falsecount="0"/>
        <line num="33" count="7" type="cond" truecount="2" falsecount="0"/>
        <line num="34" count="1" type="stmt"/>
        <line num="37" count="0" type="cond" truecount="0" falsecount="4"/>
        <line num="42" count="233" type="stmt"/>
        <line num="43" count="1" type="stmt"/>
        <line num="45" count="2" type="stmt"/>
        <line num="47" count="4" type="stmt"/>
        <line num="48" count="2" type="stmt"/>
        <line num="52" count="9" type="stmt"/>
        <line num="53" count="6" type="stmt"/>
        <line num="54" count="3" type="stmt"/>
        <line num="58" count="1" type="stmt"/>
        <line num="59" count="1" type="stmt"/>
        <line num="61" count="3" type="stmt"/>
        <line num="64" count="1" type="stmt"/>
        <line num="71" count="34" type="stmt"/>
        <line num="74" count="11" type="stmt"/>
        <line num="75" count="11" type="stmt"/>
        <line num="77" count="11" type="cond" truecount="1" falsecount="1"/>
        <line num="78" count="11" type="stmt"/>
        <line num="80" count="11" type="cond" truecount="4" falsecount="0"/>
        <line num="81" count="3" type="stmt"/>
        <line num="82" count="3" type="stmt"/>
        <line num="86" count="4" type="stmt"/>
        <line num="87" count="4" type="stmt"/>
        <line num="88" count="4" type="stmt"/>
        <line num="91" count="2" type="stmt"/>
        <line num="92" count="2" type="stmt"/>
        <line num="93" count="2" type="stmt"/>
        <line num="94" count="2" type="stmt"/>
        <line num="97" count="11" type="stmt"/>
        <line num="101" count="3" type="stmt"/>
        <line num="102" count="3" type="stmt"/>
        <line num="104" count="3" type="cond" truecount="1" falsecount="1"/>
        <line num="105" count="3" type="stmt"/>
        <line num="106" count="1" type="stmt"/>
        <line num="107" count="1" type="stmt"/>
        <line num="108" count="1" type="stmt"/>
        <line num="111" count="3" type="cond" truecount="1" falsecount="1"/>
        <line num="112" count="3" type="stmt"/>
        <line num="113" count="3" type="stmt"/>
        <line num="116" count="3" type="cond" truecount="3" falsecount="1"/>
        <line num="117" count="3" type="cond" truecount="2" falsecount="2"/>
        <line num="118" count="3" type="stmt"/>
        <line num="121" count="4" type="stmt"/>
        <line num="123" count="4" type="stmt"/>
        <line num="124" count="9" type="stmt"/>
        <line num="125" count="9" type="cond" truecount="2" falsecount="0"/>
        <line num="126" count="1" type="cond" truecount="1" falsecount="1"/>
        <line num="129" count="4" type="stmt"/>
        <line num="132" count="1" type="stmt"/>
        <line num="133" count="1" type="stmt"/>
        <line num="135" count="1" type="cond" truecount="1" falsecount="1"/>
        <line num="136" count="1" type="stmt"/>
        <line num="137" count="0" type="stmt"/>
        <line num="138" count="0" type="stmt"/>
        <line num="139" count="0" type="stmt"/>
        <line num="142" count="1" type="cond" truecount="1" falsecount="1"/>
        <line num="143" count="1" type="stmt"/>
        <line num="144" count="1" type="stmt"/>
        <line num="147" count="1" type="cond" truecount="3" falsecount="1"/>
        <line num="148" count="1" type="cond" truecount="2" falsecount="2"/>
        <line num="149" count="1" type="stmt"/>
        <line num="153" count="0" type="stmt"/>
        <line num="154" count="0" type="stmt"/>
        <line num="155" count="0" type="stmt"/>
        <line num="156" count="0" type="stmt"/>
        <line num="157" count="0" type="stmt"/>
        <line num="160" count="0" type="stmt"/>
        <line num="164" count="10" type="stmt"/>
        <line num="165" count="10" type="stmt"/>
        <line num="166" count="25" type="stmt"/>
        <line num="167" count="25" type="stmt"/>
        <line num="169" count="25" type="cond" truecount="1" falsecount="1"/>
        <line num="170" count="25" type="cond" truecount="1" falsecount="1"/>
        <line num="171" count="0" type="cond" truecount="0" falsecount="2"/>
        <line num="172" count="0" type="cond" truecount="0" falsecount="4"/>
        <line num="173" count="0" type="cond" truecount="0" falsecount="2"/>
        <line num="176" count="25" type="stmt"/>
        <line num="179" count="10" type="stmt"/>
        <line num="182" count="27" type="stmt"/>
        <line num="183" count="27" type="stmt"/>
        <line num="185" count="23" type="cond" truecount="2" falsecount="0"/>
        <line num="186" count="20" type="cond" truecount="1" falsecount="1"/>
        <line num="188" count="20" type="stmt"/>
        <line num="189" count="4" type="stmt"/>
        <line num="192" count="29" type="stmt"/>
        <line num="199" count="33" type="stmt"/>
        <line num="200" count="33" type="stmt"/>
        <line num="201" count="33" type="stmt"/>
        <line num="207" count="33" type="cond" truecount="1" falsecount="1"/>
        <line num="209" count="33" type="stmt"/>
        <line num="210" count="33" type="stmt"/>
        <line num="211" count="33" type="stmt"/>
        <line num="214" count="33" type="cond" truecount="1" falsecount="1"/>
        <line num="216" count="33" type="stmt"/>
        <line num="220" count="33" type="cond" truecount="1" falsecount="1"/>
        <line num="221" count="33" type="stmt"/>
        <line num="236" count="33" type="stmt"/>
        <line num="239" count="33" type="cond" truecount="1" falsecount="1"/>
        <line num="241" count="33" type="stmt"/>
        <line num="242" count="231" type="stmt"/>
        <line num="243" count="231" type="cond" truecount="2" falsecount="0"/>
        <line num="244" count="198" type="stmt"/>
        <line num="246" count="33" type="stmt"/>
        <line num="249" count="6" type="cond" truecount="1" falsecount="1"/>
        <line num="250" count="6" type="stmt"/>
        <line num="251" count="7" type="stmt"/>
        <line num="254" count="6" type="stmt"/>
        <line num="257" count="6" type="cond" truecount="1" falsecount="1"/>
        <line num="258" count="6" type="stmt"/>
        <line num="259" count="6" type="stmt"/>
        <line num="263" count="0" type="cond" truecount="0" falsecount="2"/>
        <line num="264" count="0" type="stmt"/>
        <line num="267" count="0" type="stmt"/>
        <line num="272" count="0" type="stmt"/>
        <line num="277" count="0" type="cond" truecount="0" falsecount="2"/>
        <line num="278" count="0" type="stmt"/>
        <line num="279" count="0" type="stmt"/>
        <line num="282" count="0" type="cond" truecount="0" falsecount="2"/>
        <line num="284" count="0" type="stmt"/>
        <line num="285" count="0" type="stmt"/>
        <line num="286" count="0" type="stmt"/>
        <line num="287" count="0" type="stmt"/>
        <line num="289" count="0" type="stmt"/>
        <line num="291" count="0" type="stmt"/>
        <line num="294" count="0" type="cond" truecount="0" falsecount="2"/>
        <line num="295" count="0" type="stmt"/>
        <line num="297" count="0" type="cond" truecount="0" falsecount="2"/>
        <line num="298" count="0" type="stmt"/>
        <line num="299" count="0" type="stmt"/>
        <line num="302" count="0" type="stmt"/>
        <line num="305" count="0" type="cond" truecount="0" falsecount="2"/>
        <line num="306" count="0" type="stmt"/>
        <line num="308" count="0" type="stmt"/>
        <line num="314" count="34" type="stmt"/>
        <line num="315" count="0" type="stmt"/>
        <line num="317" count="111" type="cond" truecount="2" falsecount="0"/>
        <line num="318" count="111" type="stmt"/>
      </file>
      <file name="WebRoute.js" path="D:\zland_wkspc\web_all_ws1\ex4njs_resimplifyserver\app\WebRoute.js">
        <metrics statements="63" coveredstatements="7" conditionals="24" coveredconditionals="0" methods="22" coveredmethods="0"/>
        <line num="2" count="7" type="stmt"/>
        <line num="4" count="7" type="stmt"/>
        <line num="5" count="7" type="stmt"/>
        <line num="9" count="7" type="stmt"/>
        <line num="15" count="0" type="stmt"/>
        <line num="16" count="0" type="stmt"/>
        <line num="18" count="0" type="stmt"/>
        <line num="22" count="0" type="stmt"/>
        <line num="28" count="0" type="stmt"/>
        <line num="29" count="0" type="stmt"/>
        <line num="31" count="0" type="stmt"/>
        <line num="32" count="0" type="stmt"/>
        <line num="33" count="0" type="stmt"/>
        <line num="35" count="0" type="stmt"/>
        <line num="37" count="0" type="stmt"/>
        <line num="42" count="0" type="stmt"/>
        <line num="43" count="0" type="stmt"/>
        <line num="44" count="0" type="cond" truecount="0" falsecount="2"/>
        <line num="45" count="0" type="stmt"/>
        <line num="46" count="0" type="stmt"/>
        <line num="48" count="0" type="stmt"/>
        <line num="51" count="7" type="stmt"/>
        <line num="59" count="0" type="stmt"/>
        <line num="60" count="0" type="stmt"/>
        <line num="61" count="0" type="cond" truecount="0" falsecount="2"/>
        <line num="63" count="0" type="cond" truecount="0" falsecount="3"/>
        <line num="65" count="0" type="stmt"/>
        <line num="66" count="0" type="stmt"/>
        <line num="68" count="0" type="stmt"/>
        <line num="72" count="0" type="stmt"/>
        <line num="73" count="0" type="stmt"/>
        <line num="76" count="0" type="stmt"/>
        <line num="83" count="0" type="stmt"/>
        <line num="84" count="0" type="stmt"/>
        <line num="85" count="0" type="cond" truecount="0" falsecount="2"/>
        <line num="87" count="0" type="cond" truecount="0" falsecount="13"/>
        <line num="91" count="0" type="stmt"/>
        <line num="92" count="0" type="stmt"/>
        <line num="93" count="0" type="stmt"/>
        <line num="96" count="0" type="stmt"/>
        <line num="104" count="7" type="stmt"/>
        <line num="109" count="0" type="stmt"/>
        <line num="112" count="0" type="stmt"/>
        <line num="114" count="0" type="stmt"/>
        <line num="115" count="0" type="stmt"/>
        <line num="116" count="0" type="stmt"/>
        <line num="117" count="0" type="stmt"/>
        <line num="120" count="0" type="stmt"/>
        <line num="121" count="0" type="stmt"/>
        <line num="123" count="0" type="stmt"/>
        <line num="125" count="0" type="stmt"/>
        <line num="127" count="0" type="stmt"/>
        <line num="131" count="0" type="stmt"/>
        <line num="134" count="0" type="stmt"/>
        <line num="137" count="0" type="stmt"/>
        <line num="140" count="0" type="stmt"/>
        <line num="141" count="0" type="stmt"/>
        <line num="145" count="0" type="cond" truecount="0" falsecount="2"/>
        <line num="146" count="0" type="stmt"/>
        <line num="147" count="0" type="stmt"/>
        <line num="154" count="7" type="stmt"/>
        <line num="155" count="0" type="stmt"/>
        <line num="156" count="0" type="stmt"/>
      </file>
    </package>
    <package name="app.utility">
      <metrics statements="102" coveredstatements="67" conditionals="47" coveredconditionals="33" methods="25" coveredmethods="17"/>
      <file name="dbConn.js" path="D:\zland_wkspc\web_all_ws1\ex4njs_resimplifyserver\app\utility\dbConn.js">
        <metrics statements="38" coveredstatements="3" conditionals="14" coveredconditionals="0" methods="8" coveredmethods="0"/>
        <line num="3" count="10" type="stmt"/>
        <line num="5" count="0" type="stmt"/>
        <line num="6" count="0" type="cond" truecount="0" falsecount="2"/>
        <line num="7" count="0" type="stmt"/>
        <line num="11" count="10" type="stmt"/>
        <line num="13" count="0" type="stmt"/>
        <line num="14" count="0" type="stmt"/>
        <line num="16" count="0" type="stmt"/>
        <line num="17" count="0" type="stmt"/>
        <line num="19" count="0" type="stmt"/>
        <line num="21" count="0" type="stmt"/>
        <line num="22" count="0" type="cond" truecount="0" falsecount="5"/>
        <line num="23" count="0" type="stmt"/>
        <line num="24" count="0" type="stmt"/>
        <line num="25" count="0" type="stmt"/>
        <line num="27" count="0" type="stmt"/>
        <line num="29" count="0" type="cond" truecount="0" falsecount="2"/>
        <line num="30" count="0" type="stmt"/>
        <line num="33" count="0" type="stmt"/>
        <line num="34" count="0" type="stmt"/>
        <line num="48" count="0" type="stmt"/>
        <line num="49" count="0" type="stmt"/>
        <line num="50" count="0" type="stmt"/>
        <line num="51" count="0" type="stmt"/>
        <line num="55" count="0" type="cond" truecount="0" falsecount="3"/>
        <line num="57" count="0" type="stmt"/>
        <line num="70" count="0" type="stmt"/>
        <line num="72" count="0" type="stmt"/>
        <line num="82" count="0" type="stmt"/>
        <line num="83" count="0" type="stmt"/>
        <line num="86" count="0" type="stmt"/>
        <line num="87" count="0" type="stmt"/>
        <line num="90" count="0" type="stmt"/>
        <line num="91" count="0" type="stmt"/>
        <line num="92" count="0" type="stmt"/>
        <line num="96" count="10" type="stmt"/>
        <line num="98" count="0" type="stmt"/>
        <line num="99" count="0" type="stmt"/>
      </file>
      <file name="usefulFunc.js" path="D:\zland_wkspc\web_all_ws1\ex4njs_resimplifyserver\app\utility\usefulFunc.js">
        <metrics statements="64" coveredstatements="64" conditionals="33" coveredconditionals="33" methods="17" coveredmethods="17"/>
        <line num="4" count="12" type="stmt"/>
        <line num="5" count="37" type="stmt"/>
        <line num="6" count="18" type="cond" truecount="2" falsecount="0"/>
        <line num="7" count="4" type="cond" truecount="2" falsecount="0"/>
        <line num="8" count="7" type="stmt"/>
        <line num="9" count="9" type="stmt"/>
        <line num="12" count="33" type="stmt"/>
        <line num="13" count="23" type="stmt"/>
        <line num="15" count="13" type="cond" truecount="2" falsecount="0"/>
        <line num="16" count="7" type="stmt"/>
        <line num="19" count="22" type="stmt"/>
        <line num="20" count="22" type="stmt"/>
        <line num="22" count="12" type="cond" truecount="2" falsecount="0"/>
        <line num="23" count="4" type="stmt"/>
        <line num="24" count="18" type="stmt"/>
        <line num="26" count="15" type="cond" truecount="2" falsecount="0"/>
        <line num="30" count="12" type="stmt"/>
        <line num="33" count="2" type="stmt"/>
        <line num="35" count="1" type="stmt"/>
        <line num="36" count="1" type="stmt"/>
        <line num="40" count="3" type="cond" truecount="2" falsecount="0"/>
        <line num="41" count="2" type="stmt"/>
        <line num="42" count="2" type="stmt"/>
        <line num="50" count="4" type="stmt"/>
        <line num="51" count="4" type="stmt"/>
        <line num="53" count="4" type="cond" truecount="2" falsecount="0"/>
        <line num="54" count="1" type="stmt"/>
        <line num="55" count="1" type="stmt"/>
        <line num="56" count="4" type="stmt"/>
        <line num="58" count="4" type="cond" truecount="2" falsecount="0"/>
        <line num="59" count="4" type="stmt"/>
        <line num="62" count="3" type="cond" truecount="2" falsecount="0"/>
        <line num="63" count="2" type="stmt"/>
        <line num="64" count="2" type="stmt"/>
        <line num="65" count="8" type="stmt"/>
        <line num="67" count="8" type="cond" truecount="2" falsecount="0"/>
        <line num="68" count="8" type="stmt"/>
        <line num="71" count="1" type="stmt"/>
        <line num="73" count="3" type="stmt"/>
        <line num="76" count="4" type="stmt"/>
        <line num="78" count="4" type="cond" truecount="2" falsecount="0"/>
        <line num="79" count="1" type="stmt"/>
        <line num="80" count="1" type="stmt"/>
        <line num="81" count="4" type="stmt"/>
        <line num="82" count="4" type="cond" truecount="2" falsecount="0"/>
        <line num="83" count="4" type="stmt"/>
        <line num="86" count="3" type="cond" truecount="2" falsecount="0"/>
        <line num="87" count="2" type="stmt"/>
        <line num="88" count="2" type="stmt"/>
        <line num="89" count="8" type="stmt"/>
        <line num="90" count="8" type="cond" truecount="2" falsecount="0"/>
        <line num="91" count="8" type="stmt"/>
        <line num="94" count="1" type="stmt"/>
        <line num="96" count="3" type="stmt"/>
        <line num="100" count="7" type="stmt"/>
        <line num="102" count="7" type="cond" truecount="2" falsecount="0"/>
        <line num="103" count="3" type="stmt"/>
        <line num="104" count="3" type="stmt"/>
        <line num="105" count="12" type="stmt"/>
        <line num="106" count="3" type="stmt"/>
        <line num="109" count="4" type="cond" truecount="2" falsecount="0"/>
        <line num="110" count="12" type="stmt"/>
        <line num="112" count="1" type="stmt"/>
        <line num="113" count="6" type="stmt"/>
      </file>
    </package>
  </project>
</coverage>
