{"D:\\zland_wkspc\\web_all_ws1\\ex4njs_resimplifyserver\\app\\GSDAM.js": {"path":"D:\\zland_wkspc\\web_all_ws1\\ex4njs_resimplifyserver\\app\\GSDAM.js","statementMap":{"0":{"start":{"line":4,"column":11},"end":{"line":4,"column":24}},"1":{"start":{"line":6,"column":11},"end":{"line":70,"column":1}},"2":{"start":{"line":26,"column":12},"end":{"line":29,"column":32}},"3":{"start":{"line":26,"column":25},"end":{"line":26,"column":36}},"4":{"start":{"line":27,"column":17},"end":{"line":29,"column":32}},"5":{"start":{"line":28,"column":16},"end":{"line":28,"column":58}},"6":{"start":{"line":28,"column":23},"end":{"line":28,"column":33}},"7":{"start":{"line":28,"column":40},"end":{"line":28,"column":58}},"8":{"start":{"line":28,"column":47},"end":{"line":28,"column":57}},"9":{"start":{"line":29,"column":19},"end":{"line":29,"column":31}},"10":{"start":{"line":32,"column":12},"end":{"line":34,"column":31}},"11":{"start":{"line":32,"column":47},"end":{"line":32,"column":61}},"12":{"start":{"line":33,"column":17},"end":{"line":34,"column":31}},"13":{"start":{"line":33,"column":49},"end":{"line":33,"column":77}},"14":{"start":{"line":34,"column":18},"end":{"line":34,"column":30}},"15":{"start":{"line":37,"column":12},"end":{"line":38,"column":18}},"16":{"start":{"line":42,"column":51},"end":{"line":42,"column":107}},"17":{"start":{"line":42,"column":108},"end":{"line":42,"column":126}},"18":{"start":{"line":43,"column":37},"end":{"line":43,"column":74}},"19":{"start":{"line":45,"column":26},"end":{"line":45,"column":28}},"20":{"start":{"line":47,"column":12},"end":{"line":47,"column":67}},"21":{"start":{"line":47,"column":35},"end":{"line":47,"column":65}},"22":{"start":{"line":48,"column":12},"end":{"line":48,"column":27}},"23":{"start":{"line":52,"column":38},"end":{"line":52,"column":59}},"24":{"start":{"line":53,"column":41},"end":{"line":53,"column":73}},"25":{"start":{"line":54,"column":38},"end":{"line":54,"column":72}},"26":{"start":{"line":58,"column":26},"end":{"line":58,"column":28}},"27":{"start":{"line":59,"column":12},"end":{"line":62,"column":14}},"28":{"start":{"line":61,"column":16},"end":{"line":61,"column":33}},"29":{"start":{"line":64,"column":12},"end":{"line":64,"column":27}},"30":{"start":{"line":71,"column":22},"end":{"line":193,"column":1}},"31":{"start":{"line":74,"column":25},"end":{"line":74,"column":29}},"32":{"start":{"line":75,"column":21},"end":{"line":75,"column":48}},"33":{"start":{"line":77,"column":35},"end":{"line":77,"column":105}},"34":{"start":{"line":78,"column":49},"end":{"line":78,"column":94}},"35":{"start":{"line":80,"column":8},"end":{"line":95,"column":9}},"36":{"start":{"line":81,"column":24},"end":{"line":81,"column":129}},"37":{"start":{"line":82,"column":12},"end":{"line":82,"column":18}},"38":{"start":{"line":86,"column":31},"end":{"line":86,"column":79}},"39":{"start":{"line":87,"column":12},"end":{"line":87,"column":137}},"40":{"start":{"line":88,"column":12},"end":{"line":88,"column":18}},"41":{"start":{"line":91,"column":12},"end":{"line":91,"column":153}},"42":{"start":{"line":92,"column":12},"end":{"line":92,"column":18}},"43":{"start":{"line":93,"column":24},"end":{"line":93,"column":132}},"44":{"start":{"line":94,"column":12},"end":{"line":94,"column":18}},"45":{"start":{"line":97,"column":8},"end":{"line":97,"column":41}},"46":{"start":{"line":101,"column":21},"end":{"line":101,"column":23}},"47":{"start":{"line":102,"column":32},"end":{"line":102,"column":108}},"48":{"start":{"line":104,"column":8},"end":{"line":110,"column":9}},"49":{"start":{"line":105,"column":12},"end":{"line":109,"column":13}},"50":{"start":{"line":106,"column":30},"end":{"line":106,"column":57}},"51":{"start":{"line":107,"column":16},"end":{"line":107,"column":36}},"52":{"start":{"line":108,"column":16},"end":{"line":108,"column":105}},"53":{"start":{"line":111,"column":8},"end":{"line":114,"column":9}},"54":{"start":{"line":112,"column":31},"end":{"line":112,"column":125}},"55":{"start":{"line":113,"column":12},"end":{"line":113,"column":57}},"56":{"start":{"line":116,"column":8},"end":{"line":117,"column":78}},"57":{"start":{"line":116,"column":55},"end":{"line":116,"column":80}},"58":{"start":{"line":117,"column":13},"end":{"line":117,"column":78}},"59":{"start":{"line":117,"column":60},"end":{"line":117,"column":76}},"60":{"start":{"line":118,"column":8},"end":{"line":118,"column":22}},"61":{"start":{"line":121,"column":19},"end":{"line":121,"column":21}},"62":{"start":{"line":121,"column":35},"end":{"line":121,"column":37}},"63":{"start":{"line":123,"column":8},"end":{"line":127,"column":9}},"64":{"start":{"line":124,"column":24},"end":{"line":124,"column":57}},"65":{"start":{"line":125,"column":12},"end":{"line":126,"column":58}},"66":{"start":{"line":125,"column":32},"end":{"line":125,"column":47}},"67":{"start":{"line":126,"column":17},"end":{"line":126,"column":58}},"68":{"start":{"line":126,"column":42},"end":{"line":126,"column":56}},"69":{"start":{"line":129,"column":8},"end":{"line":129,"column":28}},"70":{"start":{"line":132,"column":21},"end":{"line":132,"column":23}},"71":{"start":{"line":133,"column":32},"end":{"line":133,"column":108}},"72":{"start":{"line":135,"column":8},"end":{"line":141,"column":9}},"73":{"start":{"line":136,"column":12},"end":{"line":140,"column":13}},"74":{"start":{"line":137,"column":30},"end":{"line":137,"column":57}},"75":{"start":{"line":138,"column":16},"end":{"line":138,"column":36}},"76":{"start":{"line":139,"column":16},"end":{"line":139,"column":105}},"77":{"start":{"line":142,"column":8},"end":{"line":145,"column":9}},"78":{"start":{"line":143,"column":31},"end":{"line":143,"column":125}},"79":{"start":{"line":144,"column":12},"end":{"line":144,"column":57}},"80":{"start":{"line":147,"column":8},"end":{"line":148,"column":78}},"81":{"start":{"line":147,"column":55},"end":{"line":147,"column":80}},"82":{"start":{"line":148,"column":13},"end":{"line":148,"column":78}},"83":{"start":{"line":148,"column":60},"end":{"line":148,"column":76}},"84":{"start":{"line":149,"column":8},"end":{"line":149,"column":22}},"85":{"start":{"line":153,"column":26},"end":{"line":153,"column":28}},"86":{"start":{"line":154,"column":8},"end":{"line":158,"column":9}},"87":{"start":{"line":155,"column":33},"end":{"line":155,"column":74}},"88":{"start":{"line":156,"column":37},"end":{"line":156,"column":144}},"89":{"start":{"line":157,"column":12},"end":{"line":157,"column":48}},"90":{"start":{"line":160,"column":8},"end":{"line":160,"column":27}},"91":{"start":{"line":164,"column":27},"end":{"line":164,"column":29}},"92":{"start":{"line":165,"column":8},"end":{"line":177,"column":9}},"93":{"start":{"line":166,"column":26},"end":{"line":166,"column":43}},"94":{"start":{"line":167,"column":27},"end":{"line":167,"column":77}},"95":{"start":{"line":169,"column":12},"end":{"line":174,"column":13}},"96":{"start":{"line":170,"column":16},"end":{"line":170,"column":82}},"97":{"start":{"line":170,"column":53},"end":{"line":170,"column":81}},"98":{"start":{"line":171,"column":19},"end":{"line":174,"column":13}},"99":{"start":{"line":172,"column":16},"end":{"line":172,"column":90}},"100":{"start":{"line":172,"column":80},"end":{"line":172,"column":89}},"101":{"start":{"line":173,"column":16},"end":{"line":173,"column":62}},"102":{"start":{"line":173,"column":53},"end":{"line":173,"column":61}},"103":{"start":{"line":176,"column":12},"end":{"line":176,"column":62}},"104":{"start":{"line":179,"column":8},"end":{"line":179,"column":27}},"105":{"start":{"line":182,"column":8},"end":{"line":189,"column":54}},"106":{"start":{"line":183,"column":28},"end":{"line":183,"column":69}},"107":{"start":{"line":185,"column":12},"end":{"line":185,"column":67}},"108":{"start":{"line":185,"column":39},"end":{"line":185,"column":66}},"109":{"start":{"line":186,"column":12},"end":{"line":186,"column":75}},"110":{"start":{"line":186,"column":48},"end":{"line":186,"column":74}},"111":{"start":{"line":188,"column":12},"end":{"line":188,"column":75}},"112":{"start":{"line":189,"column":25},"end":{"line":189,"column":53}},"113":{"start":{"line":192,"column":27},"end":{"line":192,"column":62}},"114":{"start":{"line":199,"column":8},"end":{"line":199,"column":35}},"115":{"start":{"line":200,"column":8},"end":{"line":200,"column":32}},"116":{"start":{"line":201,"column":8},"end":{"line":201,"column":27}},"117":{"start":{"line":207,"column":8},"end":{"line":207,"column":58}},"118":{"start":{"line":207,"column":51},"end":{"line":207,"column":57}},"119":{"start":{"line":209,"column":8},"end":{"line":209,"column":63}},"120":{"start":{"line":210,"column":8},"end":{"line":210,"column":54}},"121":{"start":{"line":211,"column":8},"end":{"line":211,"column":54}},"122":{"start":{"line":214,"column":8},"end":{"line":214,"column":52}},"123":{"start":{"line":214,"column":45},"end":{"line":214,"column":51}},"124":{"start":{"line":216,"column":25},"end":{"line":219,"column":10}},"125":{"start":{"line":220,"column":8},"end":{"line":220,"column":109}},"126":{"start":{"line":220,"column":29},"end":{"line":220,"column":76}},"127":{"start":{"line":220,"column":77},"end":{"line":220,"column":108}},"128":{"start":{"line":221,"column":8},"end":{"line":234,"column":9}},"129":{"start":{"line":236,"column":8},"end":{"line":236,"column":48}},"130":{"start":{"line":239,"column":8},"end":{"line":239,"column":68}},"131":{"start":{"line":239,"column":61},"end":{"line":239,"column":67}},"132":{"start":{"line":241,"column":19},"end":{"line":241,"column":47}},"133":{"start":{"line":242,"column":8},"end":{"line":245,"column":9}},"134":{"start":{"line":242,"column":18},"end":{"line":242,"column":19}},"135":{"start":{"line":242,"column":50},"end":{"line":242,"column":57}},"136":{"start":{"line":243,"column":12},"end":{"line":243,"column":33}},"137":{"start":{"line":243,"column":23},"end":{"line":243,"column":32}},"138":{"start":{"line":244,"column":12},"end":{"line":244,"column":86}},"139":{"start":{"line":246,"column":8},"end":{"line":246,"column":64}},"140":{"start":{"line":249,"column":8},"end":{"line":249,"column":51}},"141":{"start":{"line":249,"column":44},"end":{"line":249,"column":50}},"142":{"start":{"line":250,"column":8},"end":{"line":253,"column":9}},"143":{"start":{"line":251,"column":12},"end":{"line":252,"column":61}},"144":{"start":{"line":254,"column":8},"end":{"line":254,"column":47}},"145":{"start":{"line":257,"column":8},"end":{"line":257,"column":51}},"146":{"start":{"line":257,"column":44},"end":{"line":257,"column":50}},"147":{"start":{"line":258,"column":8},"end":{"line":258,"column":68}},"148":{"start":{"line":259,"column":8},"end":{"line":259,"column":34}},"149":{"start":{"line":263,"column":8},"end":{"line":263,"column":58}},"150":{"start":{"line":263,"column":51},"end":{"line":263,"column":57}},"151":{"start":{"line":264,"column":8},"end":{"line":264,"column":54}},"152":{"start":{"line":267,"column":8},"end":{"line":267,"column":50}},"153":{"start":{"line":272,"column":19},"end":{"line":272,"column":59}},"154":{"start":{"line":277,"column":8},"end":{"line":277,"column":48}},"155":{"start":{"line":277,"column":41},"end":{"line":277,"column":47}},"156":{"start":{"line":278,"column":8},"end":{"line":278,"column":80}},"157":{"start":{"line":279,"column":8},"end":{"line":279,"column":44}},"158":{"start":{"line":282,"column":8},"end":{"line":282,"column":50}},"159":{"start":{"line":282,"column":43},"end":{"line":282,"column":49}},"160":{"start":{"line":284,"column":26},"end":{"line":284,"column":37}},"161":{"start":{"line":285,"column":8},"end":{"line":288,"column":9}},"162":{"start":{"line":286,"column":12},"end":{"line":287,"column":56}},"163":{"start":{"line":286,"column":17},"end":{"line":286,"column":73}},"164":{"start":{"line":287,"column":27},"end":{"line":287,"column":54}},"165":{"start":{"line":289,"column":8},"end":{"line":289,"column":33}},"166":{"start":{"line":291,"column":8},"end":{"line":291,"column":46}},"167":{"start":{"line":294,"column":8},"end":{"line":294,"column":58}},"168":{"start":{"line":294,"column":51},"end":{"line":294,"column":57}},"169":{"start":{"line":295,"column":8},"end":{"line":295,"column":54}},"170":{"start":{"line":297,"column":8},"end":{"line":300,"column":9}},"171":{"start":{"line":298,"column":26},"end":{"line":298,"column":103}},"172":{"start":{"line":298,"column":104},"end":{"line":298,"column":110}},"173":{"start":{"line":299,"column":26},"end":{"line":299,"column":103}},"174":{"start":{"line":299,"column":104},"end":{"line":299,"column":110}},"175":{"start":{"line":302,"column":8},"end":{"line":302,"column":72}},"176":{"start":{"line":305,"column":8},"end":{"line":305,"column":58}},"177":{"start":{"line":305,"column":51},"end":{"line":305,"column":57}},"178":{"start":{"line":306,"column":8},"end":{"line":306,"column":54}},"179":{"start":{"line":308,"column":8},"end":{"line":308,"column":42}},"180":{"start":{"line":314,"column":0},"end":{"line":322,"column":1}},"181":{"start":{"line":315,"column":25},"end":{"line":315,"column":50}},"182":{"start":{"line":317,"column":8},"end":{"line":317,"column":52}},"183":{"start":{"line":317,"column":25},"end":{"line":317,"column":51}},"184":{"start":{"line":318,"column":8},"end":{"line":318,"column":28}}},"fnMap":{"0":{"name":"(anonymous_0)","decl":{"start":{"line":25,"column":26},"end":{"line":25,"column":27}},"loc":{"start":{"line":25,"column":42},"end":{"line":30,"column":9}},"line":25},"1":{"name":"(anonymous_1)","decl":{"start":{"line":31,"column":24},"end":{"line":31,"column":25}},"loc":{"start":{"line":31,"column":50},"end":{"line":35,"column":9}},"line":31},"2":{"name":"(anonymous_2)","decl":{"start":{"line":36,"column":23},"end":{"line":36,"column":24}},"loc":{"start":{"line":36,"column":52},"end":{"line":39,"column":9}},"line":36},"3":{"name":"(anonymous_3)","decl":{"start":{"line":42,"column":19},"end":{"line":42,"column":20}},"loc":{"start":{"line":42,"column":33},"end":{"line":42,"column":127}},"line":42},"4":{"name":"(anonymous_4)","decl":{"start":{"line":43,"column":22},"end":{"line":43,"column":23}},"loc":{"start":{"line":43,"column":36},"end":{"line":43,"column":75}},"line":43},"5":{"name":"(anonymous_5)","decl":{"start":{"line":44,"column":20},"end":{"line":44,"column":21}},"loc":{"start":{"line":44,"column":38},"end":{"line":49,"column":9}},"line":44},"6":{"name":"(anonymous_6)","decl":{"start":{"line":52,"column":21},"end":{"line":52,"column":22}},"loc":{"start":{"line":52,"column":37},"end":{"line":52,"column":60}},"line":52},"7":{"name":"(anonymous_7)","decl":{"start":{"line":53,"column":24},"end":{"line":53,"column":25}},"loc":{"start":{"line":53,"column":40},"end":{"line":53,"column":74}},"line":53},"8":{"name":"(anonymous_8)","decl":{"start":{"line":54,"column":22},"end":{"line":54,"column":23}},"loc":{"start":{"line":54,"column":37},"end":{"line":54,"column":73}},"line":54},"9":{"name":"(anonymous_9)","decl":{"start":{"line":57,"column":23},"end":{"line":57,"column":24}},"loc":{"start":{"line":57,"column":33},"end":{"line":65,"column":9}},"line":57},"10":{"name":"(anonymous_10)","decl":{"start":{"line":59,"column":33},"end":{"line":59,"column":34}},"loc":{"start":{"line":59,"column":60},"end":{"line":62,"column":13}},"line":59},"11":{"name":"(anonymous_11)","decl":{"start":{"line":72,"column":34},"end":{"line":72,"column":35}},"loc":{"start":{"line":72,"column":72},"end":{"line":98,"column":5}},"line":72},"12":{"name":"(anonymous_12)","decl":{"start":{"line":100,"column":35},"end":{"line":100,"column":36}},"loc":{"start":{"line":100,"column":70},"end":{"line":119,"column":5}},"line":100},"13":{"name":"(anonymous_13)","decl":{"start":{"line":120,"column":32},"end":{"line":120,"column":33}},"loc":{"start":{"line":120,"column":61},"end":{"line":130,"column":5}},"line":120},"14":{"name":"(anonymous_14)","decl":{"start":{"line":131,"column":28},"end":{"line":131,"column":29}},"loc":{"start":{"line":131,"column":63},"end":{"line":150,"column":5}},"line":131},"15":{"name":"(anonymous_15)","decl":{"start":{"line":152,"column":25},"end":{"line":152,"column":26}},"loc":{"start":{"line":152,"column":59},"end":{"line":161,"column":5}},"line":152},"16":{"name":"(anonymous_16)","decl":{"start":{"line":163,"column":42},"end":{"line":163,"column":43}},"loc":{"start":{"line":163,"column":91},"end":{"line":180,"column":5}},"line":163},"17":{"name":"(anonymous_17)","decl":{"start":{"line":181,"column":24},"end":{"line":181,"column":25}},"loc":{"start":{"line":181,"column":55},"end":{"line":190,"column":5}},"line":181},"18":{"name":"(anonymous_18)","decl":{"start":{"line":192,"column":14},"end":{"line":192,"column":15}},"loc":{"start":{"line":192,"column":26},"end":{"line":192,"column":63}},"line":192},"19":{"name":"(anonymous_19)","decl":{"start":{"line":198,"column":4},"end":{"line":198,"column":5}},"loc":{"start":{"line":198,"column":17},"end":{"line":202,"column":5}},"line":198},"20":{"name":"(anonymous_20)","decl":{"start":{"line":206,"column":4},"end":{"line":206,"column":5}},"loc":{"start":{"line":206,"column":39},"end":{"line":212,"column":5}},"line":206},"21":{"name":"(anonymous_21)","decl":{"start":{"line":213,"column":4},"end":{"line":213,"column":5}},"loc":{"start":{"line":213,"column":25},"end":{"line":237,"column":5}},"line":213},"22":{"name":"(anonymous_22)","decl":{"start":{"line":238,"column":4},"end":{"line":238,"column":5}},"loc":{"start":{"line":238,"column":41},"end":{"line":247,"column":5}},"line":238},"23":{"name":"(anonymous_23)","decl":{"start":{"line":248,"column":4},"end":{"line":248,"column":5}},"loc":{"start":{"line":248,"column":25},"end":{"line":255,"column":5}},"line":248},"24":{"name":"(anonymous_24)","decl":{"start":{"line":256,"column":4},"end":{"line":256,"column":5}},"loc":{"start":{"line":256,"column":46},"end":{"line":260,"column":5}},"line":256},"25":{"name":"(anonymous_25)","decl":{"start":{"line":262,"column":4},"end":{"line":262,"column":5}},"loc":{"start":{"line":262,"column":51},"end":{"line":268,"column":5}},"line":262},"26":{"name":"(anonymous_26)","decl":{"start":{"line":272,"column":4},"end":{"line":272,"column":5}},"loc":{"start":{"line":272,"column":18},"end":{"line":272,"column":61}},"line":272},"27":{"name":"(anonymous_27)","decl":{"start":{"line":276,"column":4},"end":{"line":276,"column":5}},"loc":{"start":{"line":276,"column":21},"end":{"line":280,"column":5}},"line":276},"28":{"name":"(anonymous_28)","decl":{"start":{"line":281,"column":4},"end":{"line":281,"column":5}},"loc":{"start":{"line":281,"column":24},"end":{"line":292,"column":5}},"line":281},"29":{"name":"(anonymous_29)","decl":{"start":{"line":293,"column":4},"end":{"line":293,"column":5}},"loc":{"start":{"line":293,"column":50},"end":{"line":303,"column":5}},"line":293},"30":{"name":"(anonymous_30)","decl":{"start":{"line":304,"column":4},"end":{"line":304,"column":5}},"loc":{"start":{"line":304,"column":51},"end":{"line":309,"column":5}},"line":304},"31":{"name":"(anonymous_31)","decl":{"start":{"line":315,"column":14},"end":{"line":315,"column":15}},"loc":{"start":{"line":315,"column":24},"end":{"line":315,"column":52}},"line":315},"32":{"name":"(anonymous_32)","decl":{"start":{"line":316,"column":28},"end":{"line":316,"column":29}},"loc":{"start":{"line":316,"column":38},"end":{"line":319,"column":5}},"line":316}},"branchMap":{"0":{"loc":{"start":{"line":26,"column":12},"end":{"line":29,"column":32}},"type":"if","locations":[{"start":{"line":26,"column":12},"end":{"line":29,"column":32}},{"start":{"line":27,"column":17},"end":{"line":29,"column":32}}],"line":26},"1":{"loc":{"start":{"line":26,"column":15},"end":{"line":26,"column":23}},"type":"binary-expr","locations":[{"start":{"line":26,"column":15},"end":{"line":26,"column":17}},{"start":{"line":26,"column":21},"end":{"line":26,"column":23}}],"line":26},"2":{"loc":{"start":{"line":27,"column":17},"end":{"line":29,"column":32}},"type":"if","locations":[{"start":{"line":27,"column":17},"end":{"line":29,"column":32}},{"start":{"line":29,"column":18},"end":{"line":29,"column":32}}],"line":27},"3":{"loc":{"start":{"line":27,"column":20},"end":{"line":27,"column":28}},"type":"binary-expr","locations":[{"start":{"line":27,"column":20},"end":{"line":27,"column":22}},{"start":{"line":27,"column":26},"end":{"line":27,"column":28}}],"line":27},"4":{"loc":{"start":{"line":28,"column":16},"end":{"line":28,"column":58}},"type":"if","locations":[{"start":{"line":28,"column":16},"end":{"line":28,"column":58}},{"start":{"line":28,"column":40},"end":{"line":28,"column":58}}],"line":28},"5":{"loc":{"start":{"line":28,"column":40},"end":{"line":28,"column":58}},"type":"if","locations":[{"start":{"line":28,"column":40},"end":{"line":28,"column":58}},{"start":{},"end":{}}],"line":28},"6":{"loc":{"start":{"line":31,"column":33},"end":{"line":31,"column":49}},"type":"default-arg","locations":[{"start":{"line":31,"column":43},"end":{"line":31,"column":49}}],"line":31},"7":{"loc":{"start":{"line":32,"column":12},"end":{"line":34,"column":31}},"type":"if","locations":[{"start":{"line":32,"column":12},"end":{"line":34,"column":31}},{"start":{"line":33,"column":17},"end":{"line":34,"column":31}}],"line":32},"8":{"loc":{"start":{"line":33,"column":17},"end":{"line":34,"column":31}},"type":"if","locations":[{"start":{"line":33,"column":17},"end":{"line":34,"column":31}},{"start":{"line":34,"column":17},"end":{"line":34,"column":31}}],"line":33},"9":{"loc":{"start":{"line":37,"column":12},"end":{"line":38,"column":18}},"type":"if","locations":[{"start":{"line":37,"column":12},"end":{"line":38,"column":18}},{"start":{"line":38,"column":16},"end":{"line":38,"column":18}}],"line":37},"10":{"loc":{"start":{"line":37,"column":15},"end":{"line":37,"column":47}},"type":"binary-expr","locations":[{"start":{"line":37,"column":15},"end":{"line":37,"column":29}},{"start":{"line":37,"column":33},"end":{"line":37,"column":47}}],"line":37},"11":{"loc":{"start":{"line":77,"column":35},"end":{"line":77,"column":105}},"type":"cond-expr","locations":[{"start":{"line":77,"column":87},"end":{"line":77,"column":98}},{"start":{"line":77,"column":101},"end":{"line":77,"column":105}}],"line":77},"12":{"loc":{"start":{"line":80,"column":8},"end":{"line":95,"column":9}},"type":"switch","locations":[{"start":{"line":81,"column":12},"end":{"line":82,"column":18}},{"start":{"line":85,"column":12},"end":{"line":88,"column":18}},{"start":{"line":90,"column":12},"end":{"line":92,"column":18}},{"start":{"line":93,"column":12},"end":{"line":94,"column":18}}],"line":80},"13":{"loc":{"start":{"line":100,"column":54},"end":{"line":100,"column":69}},"type":"default-arg","locations":[{"start":{"line":100,"column":65},"end":{"line":100,"column":69}}],"line":100},"14":{"loc":{"start":{"line":104,"column":8},"end":{"line":110,"column":9}},"type":"if","locations":[{"start":{"line":104,"column":8},"end":{"line":110,"column":9}},{"start":{},"end":{}}],"line":104},"15":{"loc":{"start":{"line":111,"column":8},"end":{"line":114,"column":9}},"type":"if","locations":[{"start":{"line":111,"column":8},"end":{"line":114,"column":9}},{"start":{},"end":{}}],"line":111},"16":{"loc":{"start":{"line":116,"column":8},"end":{"line":117,"column":78}},"type":"if","locations":[{"start":{"line":116,"column":8},"end":{"line":117,"column":78}},{"start":{"line":117,"column":13},"end":{"line":117,"column":78}}],"line":116},"17":{"loc":{"start":{"line":116,"column":11},"end":{"line":116,"column":52}},"type":"binary-expr","locations":[{"start":{"line":116,"column":11},"end":{"line":116,"column":19}},{"start":{"line":116,"column":23},"end":{"line":116,"column":52}}],"line":116},"18":{"loc":{"start":{"line":117,"column":13},"end":{"line":117,"column":78}},"type":"if","locations":[{"start":{"line":117,"column":13},"end":{"line":117,"column":78}},{"start":{},"end":{}}],"line":117},"19":{"loc":{"start":{"line":117,"column":16},"end":{"line":117,"column":58}},"type":"binary-expr","locations":[{"start":{"line":117,"column":16},"end":{"line":117,"column":25}},{"start":{"line":117,"column":29},"end":{"line":117,"column":58}}],"line":117},"20":{"loc":{"start":{"line":125,"column":12},"end":{"line":126,"column":58}},"type":"if","locations":[{"start":{"line":125,"column":12},"end":{"line":126,"column":58}},{"start":{"line":126,"column":17},"end":{"line":126,"column":58}}],"line":125},"21":{"loc":{"start":{"line":126,"column":17},"end":{"line":126,"column":58}},"type":"if","locations":[{"start":{"line":126,"column":17},"end":{"line":126,"column":58}},{"start":{},"end":{}}],"line":126},"22":{"loc":{"start":{"line":131,"column":47},"end":{"line":131,"column":62}},"type":"default-arg","locations":[{"start":{"line":131,"column":58},"end":{"line":131,"column":62}}],"line":131},"23":{"loc":{"start":{"line":135,"column":8},"end":{"line":141,"column":9}},"type":"if","locations":[{"start":{"line":135,"column":8},"end":{"line":141,"column":9}},{"start":{},"end":{}}],"line":135},"24":{"loc":{"start":{"line":142,"column":8},"end":{"line":145,"column":9}},"type":"if","locations":[{"start":{"line":142,"column":8},"end":{"line":145,"column":9}},{"start":{},"end":{}}],"line":142},"25":{"loc":{"start":{"line":147,"column":8},"end":{"line":148,"column":78}},"type":"if","locations":[{"start":{"line":147,"column":8},"end":{"line":148,"column":78}},{"start":{"line":148,"column":13},"end":{"line":148,"column":78}}],"line":147},"26":{"loc":{"start":{"line":147,"column":11},"end":{"line":147,"column":52}},"type":"binary-expr","locations":[{"start":{"line":147,"column":11},"end":{"line":147,"column":19}},{"start":{"line":147,"column":23},"end":{"line":147,"column":52}}],"line":147},"27":{"loc":{"start":{"line":148,"column":13},"end":{"line":148,"column":78}},"type":"if","locations":[{"start":{"line":148,"column":13},"end":{"line":148,"column":78}},{"start":{},"end":{}}],"line":148},"28":{"loc":{"start":{"line":148,"column":16},"end":{"line":148,"column":58}},"type":"binary-expr","locations":[{"start":{"line":148,"column":16},"end":{"line":148,"column":25}},{"start":{"line":148,"column":29},"end":{"line":148,"column":58}}],"line":148},"29":{"loc":{"start":{"line":163,"column":75},"end":{"line":163,"column":90}},"type":"default-arg","locations":[{"start":{"line":163,"column":86},"end":{"line":163,"column":90}}],"line":163},"30":{"loc":{"start":{"line":169,"column":12},"end":{"line":174,"column":13}},"type":"if","locations":[{"start":{"line":169,"column":12},"end":{"line":174,"column":13}},{"start":{"line":171,"column":19},"end":{"line":174,"column":13}}],"line":169},"31":{"loc":{"start":{"line":170,"column":16},"end":{"line":170,"column":82}},"type":"if","locations":[{"start":{"line":170,"column":16},"end":{"line":170,"column":82}},{"start":{},"end":{}}],"line":170},"32":{"loc":{"start":{"line":171,"column":19},"end":{"line":174,"column":13}},"type":"if","locations":[{"start":{"line":171,"column":19},"end":{"line":174,"column":13}},{"start":{},"end":{}}],"line":171},"33":{"loc":{"start":{"line":172,"column":16},"end":{"line":172,"column":90}},"type":"if","locations":[{"start":{"line":172,"column":16},"end":{"line":172,"column":90}},{"start":{},"end":{}}],"line":172},"34":{"loc":{"start":{"line":172,"column":19},"end":{"line":172,"column":77}},"type":"binary-expr","locations":[{"start":{"line":172,"column":19},"end":{"line":172,"column":46}},{"start":{"line":172,"column":50},"end":{"line":172,"column":77}}],"line":172},"35":{"loc":{"start":{"line":173,"column":16},"end":{"line":173,"column":62}},"type":"if","locations":[{"start":{"line":173,"column":16},"end":{"line":173,"column":62}},{"start":{},"end":{}}],"line":173},"36":{"loc":{"start":{"line":185,"column":12},"end":{"line":185,"column":67}},"type":"if","locations":[{"start":{"line":185,"column":12},"end":{"line":185,"column":67}},{"start":{},"end":{}}],"line":185},"37":{"loc":{"start":{"line":186,"column":12},"end":{"line":186,"column":75}},"type":"if","locations":[{"start":{"line":186,"column":12},"end":{"line":186,"column":75}},{"start":{},"end":{}}],"line":186},"38":{"loc":{"start":{"line":207,"column":8},"end":{"line":207,"column":58}},"type":"if","locations":[{"start":{"line":207,"column":8},"end":{"line":207,"column":58}},{"start":{},"end":{}}],"line":207},"39":{"loc":{"start":{"line":214,"column":8},"end":{"line":214,"column":52}},"type":"if","locations":[{"start":{"line":214,"column":8},"end":{"line":214,"column":52}},{"start":{},"end":{}}],"line":214},"40":{"loc":{"start":{"line":220,"column":8},"end":{"line":220,"column":109}},"type":"if","locations":[{"start":{"line":220,"column":8},"end":{"line":220,"column":109}},{"start":{},"end":{}}],"line":220},"41":{"loc":{"start":{"line":239,"column":8},"end":{"line":239,"column":68}},"type":"if","locations":[{"start":{"line":239,"column":8},"end":{"line":239,"column":68}},{"start":{},"end":{}}],"line":239},"42":{"loc":{"start":{"line":243,"column":12},"end":{"line":243,"column":33}},"type":"if","locations":[{"start":{"line":243,"column":12},"end":{"line":243,"column":33}},{"start":{},"end":{}}],"line":243},"43":{"loc":{"start":{"line":249,"column":8},"end":{"line":249,"column":51}},"type":"if","locations":[{"start":{"line":249,"column":8},"end":{"line":249,"column":51}},{"start":{},"end":{}}],"line":249},"44":{"loc":{"start":{"line":257,"column":8},"end":{"line":257,"column":51}},"type":"if","locations":[{"start":{"line":257,"column":8},"end":{"line":257,"column":51}},{"start":{},"end":{}}],"line":257},"45":{"loc":{"start":{"line":262,"column":33},"end":{"line":262,"column":50}},"type":"default-arg","locations":[{"start":{"line":262,"column":44},"end":{"line":262,"column":50}}],"line":262},"46":{"loc":{"start":{"line":263,"column":8},"end":{"line":263,"column":58}},"type":"if","locations":[{"start":{"line":263,"column":8},"end":{"line":263,"column":58}},{"start":{},"end":{}}],"line":263},"47":{"loc":{"start":{"line":277,"column":8},"end":{"line":277,"column":48}},"type":"if","locations":[{"start":{"line":277,"column":8},"end":{"line":277,"column":48}},{"start":{},"end":{}}],"line":277},"48":{"loc":{"start":{"line":282,"column":8},"end":{"line":282,"column":50}},"type":"if","locations":[{"start":{"line":282,"column":8},"end":{"line":282,"column":50}},{"start":{},"end":{}}],"line":282},"49":{"loc":{"start":{"line":293,"column":32},"end":{"line":293,"column":49}},"type":"default-arg","locations":[{"start":{"line":293,"column":43},"end":{"line":293,"column":49}}],"line":293},"50":{"loc":{"start":{"line":294,"column":8},"end":{"line":294,"column":58}},"type":"if","locations":[{"start":{"line":294,"column":8},"end":{"line":294,"column":58}},{"start":{},"end":{}}],"line":294},"51":{"loc":{"start":{"line":297,"column":8},"end":{"line":300,"column":9}},"type":"switch","locations":[{"start":{"line":298,"column":12},"end":{"line":298,"column":110}},{"start":{"line":299,"column":12},"end":{"line":299,"column":110}}],"line":297},"52":{"loc":{"start":{"line":304,"column":33},"end":{"line":304,"column":50}},"type":"default-arg","locations":[{"start":{"line":304,"column":44},"end":{"line":304,"column":50}}],"line":304},"53":{"loc":{"start":{"line":305,"column":8},"end":{"line":305,"column":58}},"type":"if","locations":[{"start":{"line":305,"column":8},"end":{"line":305,"column":58}},{"start":{},"end":{}}],"line":305},"54":{"loc":{"start":{"line":317,"column":8},"end":{"line":317,"column":52}},"type":"if","locations":[{"start":{"line":317,"column":8},"end":{"line":317,"column":52}},{"start":{},"end":{}}],"line":317}},"s":{"0":34,"1":34,"2":4,"3":1,"4":3,"5":2,"6":1,"7":1,"8":1,"9":1,"10":10,"11":3,"12":7,"13":6,"14":1,"15":0,"16":233,"17":233,"18":1,"19":2,"20":2,"21":4,"22":2,"23":9,"24":6,"25":3,"26":1,"27":1,"28":3,"29":1,"30":34,"31":11,"32":11,"33":11,"34":11,"35":11,"36":3,"37":3,"38":4,"39":4,"40":4,"41":2,"42":2,"43":2,"44":2,"45":11,"46":3,"47":3,"48":3,"49":3,"50":1,"51":1,"52":1,"53":3,"54":3,"55":3,"56":3,"57":0,"58":3,"59":0,"60":3,"61":4,"62":4,"63":4,"64":9,"65":9,"66":8,"67":1,"68":1,"69":4,"70":1,"71":1,"72":1,"73":1,"74":0,"75":0,"76":0,"77":1,"78":1,"79":1,"80":1,"81":0,"82":1,"83":0,"84":1,"85":0,"86":0,"87":0,"88":0,"89":0,"90":0,"91":10,"92":10,"93":25,"94":25,"95":25,"96":25,"97":0,"98":0,"99":0,"100":0,"101":0,"102":0,"103":25,"104":10,"105":27,"106":27,"107":23,"108":3,"109":20,"110":0,"111":20,"112":4,"113":29,"114":33,"115":33,"116":33,"117":33,"118":0,"119":33,"120":33,"121":33,"122":33,"123":0,"124":33,"125":33,"126":0,"127":0,"128":33,"129":33,"130":33,"131":0,"132":33,"133":33,"134":33,"135":231,"136":231,"137":33,"138":198,"139":33,"140":6,"141":0,"142":6,"143":7,"144":6,"145":6,"146":0,"147":6,"148":6,"149":0,"150":0,"151":0,"152":0,"153":0,"154":0,"155":0,"156":0,"157":0,"158":0,"159":0,"160":0,"161":0,"162":0,"163":0,"164":0,"165":0,"166":0,"167":0,"168":0,"169":0,"170":0,"171":0,"172":0,"173":0,"174":0,"175":0,"176":0,"177":0,"178":0,"179":0,"180":34,"181":0,"182":111,"183":33,"184":111},"f":{"0":4,"1":10,"2":0,"3":233,"4":1,"5":2,"6":9,"7":6,"8":3,"9":1,"10":3,"11":11,"12":3,"13":4,"14":1,"15":0,"16":10,"17":27,"18":29,"19":33,"20":33,"21":33,"22":33,"23":6,"24":6,"25":0,"26":0,"27":0,"28":0,"29":0,"30":0,"31":0,"32":111},"b":{"0":[1,3],"1":[4,2],"2":[2,1],"3":[3,2],"4":[1,1],"5":[1,0],"6":[2],"7":[3,7],"8":[6,1],"9":[0,0],"10":[0,0],"11":[11,0],"12":[3,4,2,2],"13":[0],"14":[3,0],"15":[3,0],"16":[0,3],"17":[3,3],"18":[0,3],"19":[3,0],"20":[8,1],"21":[1,0],"22":[0],"23":[1,0],"24":[1,0],"25":[0,1],"26":[1,1],"27":[0,1],"28":[1,0],"29":[0],"30":[25,0],"31":[0,25],"32":[0,0],"33":[0,0],"34":[0,0],"35":[0,0],"36":[3,20],"37":[0,20],"38":[0,33],"39":[0,33],"40":[0,33],"41":[0,33],"42":[33,198],"43":[0,6],"44":[0,6],"45":[0],"46":[0,0],"47":[0,0],"48":[0,0],"49":[0],"50":[0,0],"51":[0,0],"52":[0],"53":[0,0],"54":[33,78]},"_coverageSchema":"1a1c01bbd47fc00a2c39e90264f33305004495a9","hash":"d2a96209aad44c4338953f9056f735a52372a3d7"}
,"D:\\zland_wkspc\\web_all_ws1\\ex4njs_resimplifyserver\\app\\WebRoute.js": {"path":"D:\\zland_wkspc\\web_all_ws1\\ex4njs_resimplifyserver\\app\\WebRoute.js","statementMap":{"0":{"start":{"line":2,"column":13},"end":{"line":2,"column":28}},"1":{"start":{"line":4,"column":10},"end":{"line":4,"column":22}},"2":{"start":{"line":5,"column":9},"end":{"line":5,"column":38}},"3":{"start":{"line":9,"column":12},"end":{"line":50,"column":1}},"4":{"start":{"line":15,"column":30},"end":{"line":15,"column":96}},"5":{"start":{"line":16,"column":12},"end":{"line":16,"column":113}},"6":{"start":{"line":18,"column":12},"end":{"line":18,"column":30}},"7":{"start":{"line":22,"column":12},"end":{"line":25,"column":13}},"8":{"start":{"line":28,"column":32},"end":{"line":28,"column":72}},"9":{"start":{"line":29,"column":27},"end":{"line":29,"column":29}},"10":{"start":{"line":31,"column":12},"end":{"line":34,"column":13}},"11":{"start":{"line":31,"column":22},"end":{"line":31,"column":23}},"12":{"start":{"line":32,"column":33},"end":{"line":32,"column":50}},"13":{"start":{"line":33,"column":16},"end":{"line":33,"column":78}},"14":{"start":{"line":35,"column":12},"end":{"line":35,"column":87}},"15":{"start":{"line":37,"column":12},"end":{"line":37,"column":27}},"16":{"start":{"line":42,"column":23},"end":{"line":42,"column":25}},"17":{"start":{"line":43,"column":8},"end":{"line":47,"column":11}},"18":{"start":{"line":44,"column":12},"end":{"line":44,"column":63}},"19":{"start":{"line":44,"column":55},"end":{"line":44,"column":62}},"20":{"start":{"line":45,"column":22},"end":{"line":45,"column":56}},"21":{"start":{"line":46,"column":12},"end":{"line":46,"column":57}},"22":{"start":{"line":48,"column":8},"end":{"line":48,"column":24}},"23":{"start":{"line":51,"column":11},"end":{"line":99,"column":1}},"24":{"start":{"line":59,"column":12},"end":{"line":76,"column":97}},"25":{"start":{"line":60,"column":26},"end":{"line":60,"column":52}},"26":{"start":{"line":61,"column":16},"end":{"line":61,"column":89}},"27":{"start":{"line":61,"column":50},"end":{"line":61,"column":88}},"28":{"start":{"line":63,"column":16},"end":{"line":74,"column":17}},"29":{"start":{"line":65,"column":20},"end":{"line":65,"column":120}},"30":{"start":{"line":66,"column":20},"end":{"line":66,"column":26}},"31":{"start":{"line":68,"column":20},"end":{"line":71,"column":25}},"32":{"start":{"line":72,"column":20},"end":{"line":72,"column":26}},"33":{"start":{"line":73,"column":30},"end":{"line":73,"column":69}},"34":{"start":{"line":73,"column":70},"end":{"line":73,"column":76}},"35":{"start":{"line":76,"column":24},"end":{"line":76,"column":96}},"36":{"start":{"line":83,"column":12},"end":{"line":96,"column":97}},"37":{"start":{"line":84,"column":26},"end":{"line":84,"column":52}},"38":{"start":{"line":85,"column":16},"end":{"line":85,"column":89}},"39":{"start":{"line":85,"column":50},"end":{"line":85,"column":88}},"40":{"start":{"line":87,"column":16},"end":{"line":94,"column":17}},"41":{"start":{"line":91,"column":20},"end":{"line":91,"column":121}},"42":{"start":{"line":92,"column":20},"end":{"line":92,"column":26}},"43":{"start":{"line":93,"column":30},"end":{"line":93,"column":69}},"44":{"start":{"line":93,"column":70},"end":{"line":93,"column":76}},"45":{"start":{"line":96,"column":24},"end":{"line":96,"column":96}},"46":{"start":{"line":104,"column":14},"end":{"line":153,"column":1}},"47":{"start":{"line":109,"column":8},"end":{"line":109,"column":39}},"48":{"start":{"line":112,"column":8},"end":{"line":141,"column":95}},"49":{"start":{"line":114,"column":28},"end":{"line":114,"column":54}},"50":{"start":{"line":115,"column":12},"end":{"line":115,"column":58}},"51":{"start":{"line":116,"column":12},"end":{"line":116,"column":54}},"52":{"start":{"line":117,"column":12},"end":{"line":117,"column":19}},"53":{"start":{"line":120,"column":35},"end":{"line":120,"column":114}},"54":{"start":{"line":121,"column":48},"end":{"line":121,"column":121}},"55":{"start":{"line":123,"column":12},"end":{"line":123,"column":123}},"56":{"start":{"line":125,"column":43},"end":{"line":125,"column":131}},"57":{"start":{"line":127,"column":12},"end":{"line":127,"column":100}},"58":{"start":{"line":131,"column":12},"end":{"line":131,"column":124}},"59":{"start":{"line":134,"column":12},"end":{"line":134,"column":102}},"60":{"start":{"line":137,"column":41},"end":{"line":137,"column":121}},"61":{"start":{"line":140,"column":51},"end":{"line":140,"column":85}},"62":{"start":{"line":141,"column":55},"end":{"line":141,"column":93}},"63":{"start":{"line":145,"column":8},"end":{"line":145,"column":35}},"64":{"start":{"line":145,"column":27},"end":{"line":145,"column":34}},"65":{"start":{"line":146,"column":21},"end":{"line":146,"column":56}},"66":{"start":{"line":147,"column":8},"end":{"line":149,"column":77}},"67":{"start":{"line":154,"column":0},"end":{"line":157,"column":1}},"68":{"start":{"line":155,"column":39},"end":{"line":155,"column":78}},"69":{"start":{"line":156,"column":27},"end":{"line":156,"column":48}}},"fnMap":{"0":{"name":"(anonymous_0)","decl":{"start":{"line":14,"column":25},"end":{"line":14,"column":26}},"loc":{"start":{"line":14,"column":35},"end":{"line":19,"column":9}},"line":14},"1":{"name":"(anonymous_1)","decl":{"start":{"line":20,"column":35},"end":{"line":20,"column":36}},"loc":{"start":{"line":20,"column":45},"end":{"line":26,"column":9}},"line":20},"2":{"name":"(anonymous_2)","decl":{"start":{"line":27,"column":25},"end":{"line":27,"column":26}},"loc":{"start":{"line":27,"column":52},"end":{"line":38,"column":9}},"line":27},"3":{"name":"(anonymous_3)","decl":{"start":{"line":41,"column":25},"end":{"line":41,"column":26}},"loc":{"start":{"line":41,"column":42},"end":{"line":49,"column":5}},"line":41},"4":{"name":"(anonymous_4)","decl":{"start":{"line":43,"column":35},"end":{"line":43,"column":36}},"loc":{"start":{"line":43,"column":60},"end":{"line":47,"column":9}},"line":43},"5":{"name":"(anonymous_5)","decl":{"start":{"line":54,"column":17},"end":{"line":54,"column":18}},"loc":{"start":{"line":54,"column":41},"end":{"line":54,"column":43}},"line":54},"6":{"name":"(anonymous_6)","decl":{"start":{"line":58,"column":17},"end":{"line":58,"column":18}},"loc":{"start":{"line":58,"column":41},"end":{"line":77,"column":9}},"line":58},"7":{"name":"(anonymous_7)","decl":{"start":{"line":82,"column":17},"end":{"line":82,"column":18}},"loc":{"start":{"line":82,"column":41},"end":{"line":97,"column":9}},"line":82},"8":{"name":"(anonymous_8)","decl":{"start":{"line":106,"column":19},"end":{"line":106,"column":20}},"loc":{"start":{"line":106,"column":46},"end":{"line":152,"column":5}},"line":106},"9":{"name":"(anonymous_9)","decl":{"start":{"line":113,"column":19},"end":{"line":113,"column":20}},"loc":{"start":{"line":113,"column":43},"end":{"line":118,"column":9}},"line":113},"10":{"name":"(anonymous_10)","decl":{"start":{"line":120,"column":18},"end":{"line":120,"column":19}},"loc":{"start":{"line":120,"column":34},"end":{"line":120,"column":116}},"line":120},"11":{"name":"(anonymous_11)","decl":{"start":{"line":121,"column":31},"end":{"line":121,"column":32}},"loc":{"start":{"line":121,"column":47},"end":{"line":121,"column":122}},"line":121},"12":{"name":"(anonymous_12)","decl":{"start":{"line":122,"column":31},"end":{"line":122,"column":32}},"loc":{"start":{"line":122,"column":47},"end":{"line":124,"column":9}},"line":122},"13":{"name":"(anonymous_13)","decl":{"start":{"line":125,"column":26},"end":{"line":125,"column":27}},"loc":{"start":{"line":125,"column":42},"end":{"line":125,"column":134}},"line":125},"14":{"name":"(anonymous_14)","decl":{"start":{"line":126,"column":31},"end":{"line":126,"column":32}},"loc":{"start":{"line":126,"column":49},"end":{"line":128,"column":9}},"line":126},"15":{"name":"(anonymous_15)","decl":{"start":{"line":130,"column":30},"end":{"line":130,"column":31}},"loc":{"start":{"line":130,"column":46},"end":{"line":132,"column":9}},"line":130},"16":{"name":"(anonymous_16)","decl":{"start":{"line":133,"column":31},"end":{"line":133,"column":32}},"loc":{"start":{"line":133,"column":47},"end":{"line":135,"column":9}},"line":133},"17":{"name":"(anonymous_17)","decl":{"start":{"line":137,"column":24},"end":{"line":137,"column":25}},"loc":{"start":{"line":137,"column":40},"end":{"line":137,"column":124}},"line":137},"18":{"name":"(anonymous_18)","decl":{"start":{"line":140,"column":32},"end":{"line":140,"column":33}},"loc":{"start":{"line":140,"column":51},"end":{"line":140,"column":85}},"line":140},"19":{"name":"(anonymous_19)","decl":{"start":{"line":141,"column":36},"end":{"line":141,"column":37}},"loc":{"start":{"line":141,"column":55},"end":{"line":141,"column":93}},"line":141},"20":{"name":"(anonymous_20)","decl":{"start":{"line":155,"column":11},"end":{"line":155,"column":12}},"loc":{"start":{"line":155,"column":38},"end":{"line":155,"column":79}},"line":155},"21":{"name":"(anonymous_21)","decl":{"start":{"line":156,"column":16},"end":{"line":156,"column":17}},"loc":{"start":{"line":156,"column":26},"end":{"line":156,"column":49}},"line":156}},"branchMap":{"0":{"loc":{"start":{"line":44,"column":12},"end":{"line":44,"column":63}},"type":"if","locations":[{"start":{"line":44,"column":12},"end":{"line":44,"column":63}},{"start":{},"end":{}}],"line":44},"1":{"loc":{"start":{"line":61,"column":16},"end":{"line":61,"column":89}},"type":"if","locations":[{"start":{"line":61,"column":16},"end":{"line":61,"column":89}},{"start":{},"end":{}}],"line":61},"2":{"loc":{"start":{"line":63,"column":16},"end":{"line":74,"column":17}},"type":"switch","locations":[{"start":{"line":64,"column":20},"end":{"line":66,"column":26}},{"start":{"line":67,"column":20},"end":{"line":72,"column":26}},{"start":{"line":73,"column":20},"end":{"line":73,"column":76}}],"line":63},"3":{"loc":{"start":{"line":85,"column":16},"end":{"line":85,"column":89}},"type":"if","locations":[{"start":{"line":85,"column":16},"end":{"line":85,"column":89}},{"start":{},"end":{}}],"line":85},"4":{"loc":{"start":{"line":87,"column":16},"end":{"line":94,"column":17}},"type":"switch","locations":[{"start":{"line":88,"column":20},"end":{"line":88,"column":45}},{"start":{"line":88,"column":46},"end":{"line":88,"column":69}},{"start":{"line":88,"column":70},"end":{"line":88,"column":90}},{"start":{"line":88,"column":91},"end":{"line":88,"column":117}},{"start":{"line":89,"column":20},"end":{"line":89,"column":42}},{"start":{"line":89,"column":43},"end":{"line":89,"column":65}},{"start":{"line":89,"column":66},"end":{"line":89,"column":88}},{"start":{"line":90,"column":20},"end":{"line":90,"column":42}},{"start":{"line":90,"column":43},"end":{"line":90,"column":64}},{"start":{"line":90,"column":65},"end":{"line":90,"column":90}},{"start":{"line":90,"column":91},"end":{"line":90,"column":116}},{"start":{"line":90,"column":117},"end":{"line":92,"column":26}},{"start":{"line":93,"column":20},"end":{"line":93,"column":76}}],"line":87},"5":{"loc":{"start":{"line":145,"column":8},"end":{"line":145,"column":35}},"type":"if","locations":[{"start":{"line":145,"column":8},"end":{"line":145,"column":35}},{"start":{},"end":{}}],"line":145}},"s":{"0":7,"1":7,"2":7,"3":7,"4":0,"5":0,"6":0,"7":0,"8":0,"9":0,"10":0,"11":0,"12":0,"13":0,"14":0,"15":0,"16":0,"17":0,"18":0,"19":0,"20":0,"21":0,"22":0,"23":7,"24":0,"25":0,"26":0,"27":0,"28":0,"29":0,"30":0,"31":0,"32":0,"33":0,"34":0,"35":0,"36":0,"37":0,"38":0,"39":0,"40":0,"41":0,"42":0,"43":0,"44":0,"45":0,"46":7,"47":0,"48":0,"49":0,"50":0,"51":0,"52":0,"53":0,"54":0,"55":0,"56":0,"57":0,"58":0,"59":0,"60":0,"61":0,"62":0,"63":0,"64":0,"65":0,"66":0,"67":7,"68":0,"69":0},"f":{"0":0,"1":0,"2":0,"3":0,"4":0,"5":0,"6":0,"7":0,"8":0,"9":0,"10":0,"11":0,"12":0,"13":0,"14":0,"15":0,"16":0,"17":0,"18":0,"19":0,"20":0,"21":0},"b":{"0":[0,0],"1":[0,0],"2":[0,0,0],"3":[0,0],"4":[0,0,0,0,0,0,0,0,0,0,0,0,0],"5":[0,0]},"_coverageSchema":"1a1c01bbd47fc00a2c39e90264f33305004495a9","hash":"bb74813bb50a96cfde65ace11d8cd0469b9a54e4"}
,"D:\\zland_wkspc\\web_all_ws1\\ex4njs_resimplifyserver\\app\\utility\\dbConn.js": {"path":"D:\\zland_wkspc\\web_all_ws1\\ex4njs_resimplifyserver\\app\\utility\\dbConn.js","statementMap":{"0":{"start":{"line":3,"column":12},"end":{"line":9,"column":1}},"1":{"start":{"line":5,"column":23},"end":{"line":5,"column":68}},"2":{"start":{"line":6,"column":8},"end":{"line":6,"column":33}},"3":{"start":{"line":6,"column":16},"end":{"line":6,"column":32}},"4":{"start":{"line":7,"column":8},"end":{"line":7,"column":53}},"5":{"start":{"line":11,"column":10},"end":{"line":94,"column":1}},"6":{"start":{"line":13,"column":20},"end":{"line":13,"column":32}},"7":{"start":{"line":14,"column":21},"end":{"line":14,"column":56}},"8":{"start":{"line":16,"column":21},"end":{"line":16,"column":30}},"9":{"start":{"line":16,"column":46},"end":{"line":16,"column":56}},"10":{"start":{"line":17,"column":21},"end":{"line":17,"column":62}},"11":{"start":{"line":19,"column":8},"end":{"line":31,"column":10}},"12":{"start":{"line":21,"column":22},"end":{"line":21,"column":55}},"13":{"start":{"line":22,"column":12},"end":{"line":27,"column":70}},"14":{"start":{"line":22,"column":22},"end":{"line":26,"column":13}},"15":{"start":{"line":23,"column":50},"end":{"line":23,"column":107}},"16":{"start":{"line":23,"column":108},"end":{"line":23,"column":114}},"17":{"start":{"line":24,"column":44},"end":{"line":24,"column":119}},"18":{"start":{"line":24,"column":120},"end":{"line":24,"column":126}},"19":{"start":{"line":25,"column":38},"end":{"line":25,"column":95}},"20":{"start":{"line":25,"column":96},"end":{"line":25,"column":102}},"21":{"start":{"line":27,"column":17},"end":{"line":27,"column":69}},"22":{"start":{"line":29,"column":12},"end":{"line":29,"column":50}},"23":{"start":{"line":29,"column":29},"end":{"line":29,"column":49}},"24":{"start":{"line":30,"column":12},"end":{"line":30,"column":18}},"25":{"start":{"line":33,"column":8},"end":{"line":33,"column":47}},"26":{"start":{"line":34,"column":8},"end":{"line":34,"column":20}},"27":{"start":{"line":48,"column":20},"end":{"line":48,"column":32}},"28":{"start":{"line":49,"column":21},"end":{"line":49,"column":59}},"29":{"start":{"line":50,"column":21},"end":{"line":50,"column":30}},"30":{"start":{"line":51,"column":22},"end":{"line":51,"column":35}},"31":{"start":{"line":55,"column":8},"end":{"line":84,"column":9}},"32":{"start":{"line":57,"column":12},"end":{"line":69,"column":14}},"33":{"start":{"line":70,"column":12},"end":{"line":70,"column":18}},"34":{"start":{"line":72,"column":12},"end":{"line":81,"column":14}},"35":{"start":{"line":82,"column":12},"end":{"line":82,"column":18}},"36":{"start":{"line":83,"column":22},"end":{"line":83,"column":28}},"37":{"start":{"line":86,"column":20},"end":{"line":86,"column":29}},"38":{"start":{"line":87,"column":8},"end":{"line":87,"column":19}},"39":{"start":{"line":90,"column":36},"end":{"line":90,"column":81}},"40":{"start":{"line":91,"column":40},"end":{"line":91,"column":112}},"41":{"start":{"line":92,"column":40},"end":{"line":92,"column":112}},"42":{"start":{"line":96,"column":0},"end":{"line":101,"column":1}},"43":{"start":{"line":98,"column":8},"end":{"line":98,"column":36}},"44":{"start":{"line":99,"column":8},"end":{"line":99,"column":32}}},"fnMap":{"0":{"name":"(anonymous_0)","decl":{"start":{"line":4,"column":11},"end":{"line":4,"column":12}},"loc":{"start":{"line":4,"column":61},"end":{"line":8,"column":5}},"line":4},"1":{"name":"(anonymous_1)","decl":{"start":{"line":12,"column":12},"end":{"line":12,"column":13}},"loc":{"start":{"line":12,"column":22},"end":{"line":35,"column":5}},"line":12},"2":{"name":"(anonymous_2)","decl":{"start":{"line":19,"column":27},"end":{"line":19,"column":28}},"loc":{"start":{"line":19,"column":48},"end":{"line":31,"column":9}},"line":19},"3":{"name":"(anonymous_3)","decl":{"start":{"line":36,"column":12},"end":{"line":36,"column":13}},"loc":{"start":{"line":36,"column":22},"end":{"line":88,"column":5}},"line":36},"4":{"name":"(anonymous_4)","decl":{"start":{"line":90,"column":13},"end":{"line":90,"column":14}},"loc":{"start":{"line":90,"column":35},"end":{"line":90,"column":83}},"line":90},"5":{"name":"(anonymous_5)","decl":{"start":{"line":91,"column":17},"end":{"line":91,"column":18}},"loc":{"start":{"line":91,"column":39},"end":{"line":91,"column":114}},"line":91},"6":{"name":"(anonymous_6)","decl":{"start":{"line":92,"column":17},"end":{"line":92,"column":18}},"loc":{"start":{"line":92,"column":39},"end":{"line":92,"column":114}},"line":92},"7":{"name":"(anonymous_7)","decl":{"start":{"line":97,"column":12},"end":{"line":97,"column":13}},"loc":{"start":{"line":97,"column":39},"end":{"line":100,"column":5}},"line":97}},"branchMap":{"0":{"loc":{"start":{"line":4,"column":20},"end":{"line":4,"column":32}},"type":"default-arg","locations":[{"start":{"line":4,"column":26},"end":{"line":4,"column":32}}],"line":4},"1":{"loc":{"start":{"line":6,"column":8},"end":{"line":6,"column":33}},"type":"if","locations":[{"start":{"line":6,"column":8},"end":{"line":6,"column":33}},{"start":{},"end":{}}],"line":6},"2":{"loc":{"start":{"line":22,"column":12},"end":{"line":27,"column":70}},"type":"if","locations":[{"start":{"line":22,"column":12},"end":{"line":27,"column":70}},{"start":{"line":27,"column":16},"end":{"line":27,"column":70}}],"line":22},"3":{"loc":{"start":{"line":22,"column":22},"end":{"line":26,"column":13}},"type":"switch","locations":[{"start":{"line":23,"column":16},"end":{"line":23,"column":114}},{"start":{"line":24,"column":16},"end":{"line":24,"column":126}},{"start":{"line":25,"column":16},"end":{"line":25,"column":102}}],"line":22},"4":{"loc":{"start":{"line":29,"column":12},"end":{"line":29,"column":50}},"type":"if","locations":[{"start":{"line":29,"column":12},"end":{"line":29,"column":50}},{"start":{},"end":{}}],"line":29},"5":{"loc":{"start":{"line":55,"column":8},"end":{"line":84,"column":9}},"type":"switch","locations":[{"start":{"line":56,"column":12},"end":{"line":70,"column":18}},{"start":{"line":71,"column":12},"end":{"line":82,"column":18}},{"start":{"line":83,"column":12},"end":{"line":83,"column":28}}],"line":55},"6":{"loc":{"start":{"line":97,"column":21},"end":{"line":97,"column":38}},"type":"default-arg","locations":[{"start":{"line":97,"column":32},"end":{"line":97,"column":38}}],"line":97}},"s":{"0":10,"1":0,"2":0,"3":0,"4":0,"5":10,"6":0,"7":0,"8":0,"9":0,"10":0,"11":0,"12":0,"13":0,"14":0,"15":0,"16":0,"17":0,"18":0,"19":0,"20":0,"21":0,"22":0,"23":0,"24":0,"25":0,"26":0,"27":0,"28":0,"29":0,"30":0,"31":0,"32":0,"33":0,"34":0,"35":0,"36":0,"37":0,"38":0,"39":0,"40":0,"41":0,"42":10,"43":0,"44":0},"f":{"0":0,"1":0,"2":0,"3":0,"4":0,"5":0,"6":0,"7":0},"b":{"0":[0],"1":[0,0],"2":[0,0],"3":[0,0,0],"4":[0,0],"5":[0,0,0],"6":[0]},"_coverageSchema":"1a1c01bbd47fc00a2c39e90264f33305004495a9","hash":"efd244c62bda8ade1dfc4b515fb4dcaa3120b041"}
,"D:\\zland_wkspc\\web_all_ws1\\ex4njs_resimplifyserver\\app\\utility\\usefulFunc.js": {"path":"D:\\zland_wkspc\\web_all_ws1\\ex4njs_resimplifyserver\\app\\utility\\usefulFunc.js","statementMap":{"0":{"start":{"line":4,"column":11},"end":{"line":27,"column":1}},"1":{"start":{"line":5,"column":26},"end":{"line":5,"column":51}},"2":{"start":{"line":6,"column":26},"end":{"line":6,"column":80}},"3":{"start":{"line":7,"column":26},"end":{"line":7,"column":68}},"4":{"start":{"line":8,"column":27},"end":{"line":8,"column":58}},"5":{"start":{"line":9,"column":26},"end":{"line":9,"column":43}},"6":{"start":{"line":12,"column":29},"end":{"line":12,"column":58}},"7":{"start":{"line":13,"column":29},"end":{"line":13,"column":58}},"8":{"start":{"line":15,"column":8},"end":{"line":15,"column":50}},"9":{"start":{"line":15,"column":37},"end":{"line":15,"column":49}},"10":{"start":{"line":16,"column":8},"end":{"line":16,"column":35}},"11":{"start":{"line":19,"column":8},"end":{"line":24,"column":38}},"12":{"start":{"line":20,"column":31},"end":{"line":20,"column":45}},"13":{"start":{"line":22,"column":12},"end":{"line":22,"column":69}},"14":{"start":{"line":22,"column":43},"end":{"line":22,"column":68}},"15":{"start":{"line":23,"column":12},"end":{"line":23,"column":23}},"16":{"start":{"line":24,"column":25},"end":{"line":24,"column":37}},"17":{"start":{"line":26,"column":38},"end":{"line":26,"column":89}},"18":{"start":{"line":30,"column":0},"end":{"line":117,"column":1}},"19":{"start":{"line":33,"column":39},"end":{"line":33,"column":87}},"20":{"start":{"line":35,"column":51},"end":{"line":35,"column":101}},"21":{"start":{"line":36,"column":53},"end":{"line":36,"column":97}},"22":{"start":{"line":40,"column":16},"end":{"line":40,"column":48}},"23":{"start":{"line":40,"column":38},"end":{"line":40,"column":47}},"24":{"start":{"line":41,"column":30},"end":{"line":41,"column":43}},"25":{"start":{"line":42,"column":16},"end":{"line":42,"column":35}},"26":{"start":{"line":50,"column":22},"end":{"line":50,"column":24}},"27":{"start":{"line":51,"column":23},"end":{"line":51,"column":24}},"28":{"start":{"line":53,"column":12},"end":{"line":71,"column":27}},"29":{"start":{"line":54,"column":27},"end":{"line":54,"column":58}},"30":{"start":{"line":55,"column":16},"end":{"line":60,"column":17}},"31":{"start":{"line":56,"column":20},"end":{"line":56,"column":30}},"32":{"start":{"line":58,"column":20},"end":{"line":58,"column":59}},"33":{"start":{"line":58,"column":46},"end":{"line":58,"column":58}},"34":{"start":{"line":59,"column":20},"end":{"line":59,"column":27}},"35":{"start":{"line":62,"column":17},"end":{"line":71,"column":27}},"36":{"start":{"line":63,"column":27},"end":{"line":63,"column":55}},"37":{"start":{"line":64,"column":16},"end":{"line":69,"column":17}},"38":{"start":{"line":65,"column":20},"end":{"line":65,"column":30}},"39":{"start":{"line":67,"column":20},"end":{"line":67,"column":57}},"40":{"start":{"line":67,"column":45},"end":{"line":67,"column":56}},"41":{"start":{"line":68,"column":20},"end":{"line":68,"column":27}},"42":{"start":{"line":71,"column":17},"end":{"line":71,"column":26}},"43":{"start":{"line":73,"column":12},"end":{"line":73,"column":30}},"44":{"start":{"line":76,"column":22},"end":{"line":76,"column":24}},"45":{"start":{"line":76,"column":37},"end":{"line":76,"column":38}},"46":{"start":{"line":78,"column":12},"end":{"line":94,"column":27}},"47":{"start":{"line":79,"column":26},"end":{"line":79,"column":57}},"48":{"start":{"line":80,"column":16},"end":{"line":84,"column":17}},"49":{"start":{"line":81,"column":20},"end":{"line":81,"column":38}},"50":{"start":{"line":82,"column":20},"end":{"line":82,"column":51}},"51":{"start":{"line":82,"column":39},"end":{"line":82,"column":50}},"52":{"start":{"line":83,"column":20},"end":{"line":83,"column":27}},"53":{"start":{"line":86,"column":17},"end":{"line":94,"column":27}},"54":{"start":{"line":87,"column":26},"end":{"line":87,"column":54}},"55":{"start":{"line":88,"column":16},"end":{"line":92,"column":17}},"56":{"start":{"line":89,"column":20},"end":{"line":89,"column":38}},"57":{"start":{"line":90,"column":20},"end":{"line":90,"column":51}},"58":{"start":{"line":90,"column":39},"end":{"line":90,"column":50}},"59":{"start":{"line":91,"column":20},"end":{"line":91,"column":27}},"60":{"start":{"line":94,"column":17},"end":{"line":94,"column":26}},"61":{"start":{"line":96,"column":12},"end":{"line":96,"column":23}},"62":{"start":{"line":100,"column":22},"end":{"line":100,"column":24}},"63":{"start":{"line":100,"column":37},"end":{"line":100,"column":39}},"64":{"start":{"line":102,"column":12},"end":{"line":112,"column":28}},"65":{"start":{"line":103,"column":16},"end":{"line":107,"column":17}},"66":{"start":{"line":104,"column":20},"end":{"line":104,"column":30}},"67":{"start":{"line":105,"column":20},"end":{"line":105,"column":77}},"68":{"start":{"line":105,"column":48},"end":{"line":105,"column":76}},"69":{"start":{"line":106,"column":20},"end":{"line":106,"column":35}},"70":{"start":{"line":109,"column":17},"end":{"line":112,"column":28}},"71":{"start":{"line":110,"column":16},"end":{"line":110,"column":65}},"72":{"start":{"line":110,"column":40},"end":{"line":110,"column":63}},"73":{"start":{"line":112,"column":18},"end":{"line":112,"column":27}},"74":{"start":{"line":113,"column":12},"end":{"line":113,"column":23}}},"fnMap":{"0":{"name":"(anonymous_0)","decl":{"start":{"line":5,"column":12},"end":{"line":5,"column":13}},"loc":{"start":{"line":5,"column":25},"end":{"line":5,"column":52}},"line":5},"1":{"name":"(anonymous_1)","decl":{"start":{"line":6,"column":12},"end":{"line":6,"column":13}},"loc":{"start":{"line":6,"column":25},"end":{"line":6,"column":81}},"line":6},"2":{"name":"(anonymous_2)","decl":{"start":{"line":7,"column":12},"end":{"line":7,"column":13}},"loc":{"start":{"line":7,"column":25},"end":{"line":7,"column":69}},"line":7},"3":{"name":"(anonymous_3)","decl":{"start":{"line":8,"column":13},"end":{"line":8,"column":14}},"loc":{"start":{"line":8,"column":26},"end":{"line":8,"column":59}},"line":8},"4":{"name":"(anonymous_4)","decl":{"start":{"line":9,"column":12},"end":{"line":9,"column":13}},"loc":{"start":{"line":9,"column":25},"end":{"line":9,"column":44}},"line":9},"5":{"name":"(anonymous_5)","decl":{"start":{"line":12,"column":15},"end":{"line":12,"column":16}},"loc":{"start":{"line":12,"column":28},"end":{"line":12,"column":59}},"line":12},"6":{"name":"(anonymous_6)","decl":{"start":{"line":13,"column":15},"end":{"line":13,"column":16}},"loc":{"start":{"line":13,"column":28},"end":{"line":13,"column":59}},"line":13},"7":{"name":"(anonymous_7)","decl":{"start":{"line":14,"column":25},"end":{"line":14,"column":26}},"loc":{"start":{"line":14,"column":45},"end":{"line":17,"column":5}},"line":14},"8":{"name":"(anonymous_8)","decl":{"start":{"line":18,"column":19},"end":{"line":18,"column":20}},"loc":{"start":{"line":18,"column":32},"end":{"line":25,"column":5}},"line":18},"9":{"name":"(anonymous_9)","decl":{"start":{"line":26,"column":24},"end":{"line":26,"column":25}},"loc":{"start":{"line":26,"column":37},"end":{"line":26,"column":90}},"line":26},"10":{"name":"(anonymous_10)","decl":{"start":{"line":33,"column":17},"end":{"line":33,"column":18}},"loc":{"start":{"line":33,"column":38},"end":{"line":33,"column":88}},"line":33},"11":{"name":"(anonymous_11)","decl":{"start":{"line":35,"column":26},"end":{"line":35,"column":27}},"loc":{"start":{"line":35,"column":50},"end":{"line":35,"column":102}},"line":35},"12":{"name":"(anonymous_12)","decl":{"start":{"line":36,"column":24},"end":{"line":36,"column":25}},"loc":{"start":{"line":36,"column":52},"end":{"line":36,"column":98}},"line":36},"13":{"name":"(anonymous_13)","decl":{"start":{"line":39,"column":22},"end":{"line":39,"column":23}},"loc":{"start":{"line":39,"column":41},"end":{"line":43,"column":13}},"line":39},"14":{"name":"(anonymous_14)","decl":{"start":{"line":49,"column":33},"end":{"line":49,"column":34}},"loc":{"start":{"line":49,"column":51},"end":{"line":74,"column":9}},"line":49},"15":{"name":"(anonymous_15)","decl":{"start":{"line":75,"column":33},"end":{"line":75,"column":34}},"loc":{"start":{"line":75,"column":51},"end":{"line":97,"column":9}},"line":75},"16":{"name":"(anonymous_16)","decl":{"start":{"line":99,"column":30},"end":{"line":99,"column":31}},"loc":{"start":{"line":99,"column":48},"end":{"line":114,"column":9}},"line":99}},"branchMap":{"0":{"loc":{"start":{"line":6,"column":34},"end":{"line":6,"column":77}},"type":"binary-expr","locations":[{"start":{"line":6,"column":35},"end":{"line":6,"column":57}},{"start":{"line":6,"column":62},"end":{"line":6,"column":77}}],"line":6},"1":{"loc":{"start":{"line":7,"column":33},"end":{"line":7,"column":67}},"type":"binary-expr","locations":[{"start":{"line":7,"column":33},"end":{"line":7,"column":48}},{"start":{"line":7,"column":52},"end":{"line":7,"column":67}}],"line":7},"2":{"loc":{"start":{"line":15,"column":8},"end":{"line":15,"column":50}},"type":"if","locations":[{"start":{"line":15,"column":8},"end":{"line":15,"column":50}},{"start":{},"end":{}}],"line":15},"3":{"loc":{"start":{"line":22,"column":12},"end":{"line":22,"column":69}},"type":"if","locations":[{"start":{"line":22,"column":12},"end":{"line":22,"column":69}},{"start":{},"end":{}}],"line":22},"4":{"loc":{"start":{"line":26,"column":45},"end":{"line":26,"column":88}},"type":"binary-expr","locations":[{"start":{"line":26,"column":45},"end":{"line":26,"column":62}},{"start":{"line":26,"column":66},"end":{"line":26,"column":88}}],"line":26},"5":{"loc":{"start":{"line":39,"column":32},"end":{"line":39,"column":40}},"type":"default-arg","locations":[{"start":{"line":39,"column":38},"end":{"line":39,"column":40}}],"line":39},"6":{"loc":{"start":{"line":40,"column":16},"end":{"line":40,"column":48}},"type":"if","locations":[{"start":{"line":40,"column":16},"end":{"line":40,"column":48}},{"start":{},"end":{}}],"line":40},"7":{"loc":{"start":{"line":53,"column":12},"end":{"line":71,"column":27}},"type":"if","locations":[{"start":{"line":53,"column":12},"end":{"line":71,"column":27}},{"start":{"line":62,"column":17},"end":{"line":71,"column":27}}],"line":53},"8":{"loc":{"start":{"line":58,"column":20},"end":{"line":58,"column":59}},"type":"if","locations":[{"start":{"line":58,"column":20},"end":{"line":58,"column":59}},{"start":{},"end":{}}],"line":58},"9":{"loc":{"start":{"line":62,"column":17},"end":{"line":71,"column":27}},"type":"if","locations":[{"start":{"line":62,"column":17},"end":{"line":71,"column":27}},{"start":{"line":71,"column":16},"end":{"line":71,"column":27}}],"line":62},"10":{"loc":{"start":{"line":67,"column":20},"end":{"line":67,"column":57}},"type":"if","locations":[{"start":{"line":67,"column":20},"end":{"line":67,"column":57}},{"start":{"line":67,"column":44},"end":{"line":67,"column":57}}],"line":67},"11":{"loc":{"start":{"line":78,"column":12},"end":{"line":94,"column":27}},"type":"if","locations":[{"start":{"line":78,"column":12},"end":{"line":94,"column":27}},{"start":{"line":86,"column":17},"end":{"line":94,"column":27}}],"line":78},"12":{"loc":{"start":{"line":82,"column":20},"end":{"line":82,"column":51}},"type":"if","locations":[{"start":{"line":82,"column":20},"end":{"line":82,"column":51}},{"start":{},"end":{}}],"line":82},"13":{"loc":{"start":{"line":86,"column":17},"end":{"line":94,"column":27}},"type":"if","locations":[{"start":{"line":86,"column":17},"end":{"line":94,"column":27}},{"start":{"line":94,"column":16},"end":{"line":94,"column":27}}],"line":86},"14":{"loc":{"start":{"line":90,"column":20},"end":{"line":90,"column":51}},"type":"if","locations":[{"start":{"line":90,"column":20},"end":{"line":90,"column":51}},{"start":{},"end":{}}],"line":90},"15":{"loc":{"start":{"line":102,"column":12},"end":{"line":112,"column":28}},"type":"if","locations":[{"start":{"line":102,"column":12},"end":{"line":112,"column":28}},{"start":{"line":109,"column":17},"end":{"line":112,"column":28}}],"line":102},"16":{"loc":{"start":{"line":109,"column":17},"end":{"line":112,"column":28}},"type":"if","locations":[{"start":{"line":109,"column":17},"end":{"line":112,"column":28}},{"start":{"line":112,"column":17},"end":{"line":112,"column":28}}],"line":109}},"s":{"0":12,"1":37,"2":18,"3":4,"4":7,"5":9,"6":33,"7":23,"8":13,"9":6,"10":7,"11":22,"12":22,"13":12,"14":8,"15":4,"16":18,"17":15,"18":12,"19":2,"20":1,"21":1,"22":3,"23":1,"24":2,"25":2,"26":4,"27":4,"28":4,"29":1,"30":1,"31":4,"32":4,"33":3,"34":4,"35":3,"36":2,"37":2,"38":8,"39":8,"40":6,"41":8,"42":1,"43":3,"44":4,"45":4,"46":4,"47":1,"48":1,"49":4,"50":4,"51":3,"52":4,"53":3,"54":2,"55":2,"56":8,"57":8,"58":6,"59":8,"60":1,"61":3,"62":7,"63":7,"64":7,"65":3,"66":3,"67":3,"68":12,"69":3,"70":4,"71":3,"72":12,"73":1,"74":6},"f":{"0":37,"1":18,"2":4,"3":7,"4":9,"5":33,"6":23,"7":13,"8":22,"9":15,"10":2,"11":1,"12":1,"13":3,"14":4,"15":4,"16":7},"b":{"0":[18,11],"1":[4,3],"2":[6,7],"3":[8,4],"4":[15,7],"5":[1],"6":[1,2],"7":[1,3],"8":[3,1],"9":[2,1],"10":[2,6],"11":[1,3],"12":[3,1],"13":[2,1],"14":[6,2],"15":[3,4],"16":[3,1]},"_coverageSchema":"1a1c01bbd47fc00a2c39e90264f33305004495a9","hash":"9097f9bdfe53a3e3dd6412275d62ed957e534807"}
}
