TN:
SF:app\GSDAM.js
FN:25,(anonymous_0)
FN:31,(anonymous_1)
FN:36,(anonymous_2)
FN:42,(anonymous_3)
FN:43,(anonymous_4)
FN:44,(anonymous_5)
FN:52,(anonymous_6)
FN:53,(anonymous_7)
FN:54,(anonymous_8)
FN:57,(anonymous_9)
FN:59,(anonymous_10)
FN:72,(anonymous_11)
FN:100,(anonymous_12)
FN:120,(anonymous_13)
FN:131,(anonymous_14)
FN:152,(anonymous_15)
FN:163,(anonymous_16)
FN:181,(anonymous_17)
FN:192,(anonymous_18)
FN:198,(anonymous_19)
FN:206,(anonymous_20)
FN:213,(anonymous_21)
FN:238,(anonymous_22)
FN:248,(anonymous_23)
FN:256,(anonymous_24)
FN:262,(anonymous_25)
FN:272,(anonymous_26)
FN:276,(anonymous_27)
FN:281,(anonymous_28)
FN:293,(anonymous_29)
FN:304,(anonymous_30)
FN:315,(anonymous_31)
FN:316,(anonymous_32)
FNF:33
FNH:24
FNDA:4,(anonymous_0)
FNDA:10,(anonymous_1)
FNDA:0,(anonymous_2)
FNDA:233,(anonymous_3)
FNDA:1,(anonymous_4)
FNDA:2,(anonymous_5)
FNDA:9,(anonymous_6)
FNDA:6,(anonymous_7)
FNDA:3,(anonymous_8)
FNDA:1,(anonymous_9)
FNDA:3,(anonymous_10)
FNDA:11,(anonymous_11)
FNDA:3,(anonymous_12)
FNDA:4,(anonymous_13)
FNDA:1,(anonymous_14)
FNDA:0,(anonymous_15)
FNDA:10,(anonymous_16)
FNDA:27,(anonymous_17)
FNDA:29,(anonymous_18)
FNDA:33,(anonymous_19)
FNDA:33,(anonymous_20)
FNDA:33,(anonymous_21)
FNDA:33,(anonymous_22)
FNDA:6,(anonymous_23)
FNDA:6,(anonymous_24)
FNDA:0,(anonymous_25)
FNDA:0,(anonymous_26)
FNDA:0,(anonymous_27)
FNDA:0,(anonymous_28)
FNDA:0,(anonymous_29)
FNDA:0,(anonymous_30)
FNDA:0,(anonymous_31)
FNDA:111,(anonymous_32)
DA:4,34
DA:6,34
DA:26,4
DA:27,3
DA:28,2
DA:29,1
DA:32,10
DA:33,7
DA:34,1
DA:37,0
DA:42,233
DA:43,1
DA:45,2
DA:47,4
DA:48,2
DA:52,9
DA:53,6
DA:54,3
DA:58,1
DA:59,1
DA:61,3
DA:64,1
DA:71,34
DA:74,11
DA:75,11
DA:77,11
DA:78,11
DA:80,11
DA:81,3
DA:82,3
DA:86,4
DA:87,4
DA:88,4
DA:91,2
DA:92,2
DA:93,2
DA:94,2
DA:97,11
DA:101,3
DA:102,3
DA:104,3
DA:105,3
DA:106,1
DA:107,1
DA:108,1
DA:111,3
DA:112,3
DA:113,3
DA:116,3
DA:117,3
DA:118,3
DA:121,4
DA:123,4
DA:124,9
DA:125,9
DA:126,1
DA:129,4
DA:132,1
DA:133,1
DA:135,1
DA:136,1
DA:137,0
DA:138,0
DA:139,0
DA:142,1
DA:143,1
DA:144,1
DA:147,1
DA:148,1
DA:149,1
DA:153,0
DA:154,0
DA:155,0
DA:156,0
DA:157,0
DA:160,0
DA:164,10
DA:165,10
DA:166,25
DA:167,25
DA:169,25
DA:170,25
DA:171,0
DA:172,0
DA:173,0
DA:176,25
DA:179,10
DA:182,27
DA:183,27
DA:185,23
DA:186,20
DA:188,20
DA:189,4
DA:192,29
DA:199,33
DA:200,33
DA:201,33
DA:207,33
DA:209,33
DA:210,33
DA:211,33
DA:214,33
DA:216,33
DA:220,33
DA:221,33
DA:236,33
DA:239,33
DA:241,33
DA:242,231
DA:243,231
DA:244,198
DA:246,33
DA:249,6
DA:250,6
DA:251,7
DA:254,6
DA:257,6
DA:258,6
DA:259,6
DA:263,0
DA:264,0
DA:267,0
DA:272,0
DA:277,0
DA:278,0
DA:279,0
DA:282,0
DA:284,0
DA:285,0
DA:286,0
DA:287,0
DA:289,0
DA:291,0
DA:294,0
DA:295,0
DA:297,0
DA:298,0
DA:299,0
DA:302,0
DA:305,0
DA:306,0
DA:308,0
DA:314,34
DA:315,0
DA:317,111
DA:318,111
LF:146
LH:109
BRDA:26,0,0,1
BRDA:26,0,1,3
BRDA:26,1,0,4
BRDA:26,1,1,2
BRDA:27,2,0,2
BRDA:27,2,1,1
BRDA:27,3,0,3
BRDA:27,3,1,2
BRDA:28,4,0,1
BRDA:28,4,1,1
BRDA:28,5,0,1
BRDA:28,5,1,0
BRDA:31,6,0,2
BRDA:32,7,0,3
BRDA:32,7,1,7
BRDA:33,8,0,6
BRDA:33,8,1,1
BRDA:37,9,0,0
BRDA:37,9,1,0
BRDA:37,10,0,0
BRDA:37,10,1,0
BRDA:77,11,0,11
BRDA:77,11,1,0
BRDA:80,12,0,3
BRDA:80,12,1,4
BRDA:80,12,2,2
BRDA:80,12,3,2
BRDA:100,13,0,0
BRDA:104,14,0,3
BRDA:104,14,1,0
BRDA:111,15,0,3
BRDA:111,15,1,0
BRDA:116,16,0,0
BRDA:116,16,1,3
BRDA:116,17,0,3
BRDA:116,17,1,3
BRDA:117,18,0,0
BRDA:117,18,1,3
BRDA:117,19,0,3
BRDA:117,19,1,0
BRDA:125,20,0,8
BRDA:125,20,1,1
BRDA:126,21,0,1
BRDA:126,21,1,0
BRDA:131,22,0,0
BRDA:135,23,0,1
BRDA:135,23,1,0
BRDA:142,24,0,1
BRDA:142,24,1,0
BRDA:147,25,0,0
BRDA:147,25,1,1
BRDA:147,26,0,1
BRDA:147,26,1,1
BRDA:148,27,0,0
BRDA:148,27,1,1
BRDA:148,28,0,1
BRDA:148,28,1,0
BRDA:163,29,0,0
BRDA:169,30,0,25
BRDA:169,30,1,0
BRDA:170,31,0,0
BRDA:170,31,1,25
BRDA:171,32,0,0
BRDA:171,32,1,0
BRDA:172,33,0,0
BRDA:172,33,1,0
BRDA:172,34,0,0
BRDA:172,34,1,0
BRDA:173,35,0,0
BRDA:173,35,1,0
BRDA:185,36,0,3
BRDA:185,36,1,20
BRDA:186,37,0,0
BRDA:186,37,1,20
BRDA:207,38,0,0
BRDA:207,38,1,33
BRDA:214,39,0,0
BRDA:214,39,1,33
BRDA:220,40,0,0
BRDA:220,40,1,33
BRDA:239,41,0,0
BRDA:239,41,1,33
BRDA:243,42,0,33
BRDA:243,42,1,198
BRDA:249,43,0,0
BRDA:249,43,1,6
BRDA:257,44,0,0
BRDA:257,44,1,6
BRDA:262,45,0,0
BRDA:263,46,0,0
BRDA:263,46,1,0
BRDA:277,47,0,0
BRDA:277,47,1,0
BRDA:282,48,0,0
BRDA:282,48,1,0
BRDA:293,49,0,0
BRDA:294,50,0,0
BRDA:294,50,1,0
BRDA:297,51,0,0
BRDA:297,51,1,0
BRDA:304,52,0,0
BRDA:305,53,0,0
BRDA:305,53,1,0
BRDA:317,54,0,33
BRDA:317,54,1,78
BRF:105
BRH:53
end_of_record
TN:
SF:app\WebRoute.js
FN:14,(anonymous_0)
FN:20,(anonymous_1)
FN:27,(anonymous_2)
FN:41,(anonymous_3)
FN:43,(anonymous_4)
FN:54,(anonymous_5)
FN:58,(anonymous_6)
FN:82,(anonymous_7)
FN:106,(anonymous_8)
FN:113,(anonymous_9)
FN:120,(anonymous_10)
FN:121,(anonymous_11)
FN:122,(anonymous_12)
FN:125,(anonymous_13)
FN:126,(anonymous_14)
FN:130,(anonymous_15)
FN:133,(anonymous_16)
FN:137,(anonymous_17)
FN:140,(anonymous_18)
FN:141,(anonymous_19)
FN:155,(anonymous_20)
FN:156,(anonymous_21)
FNF:22
FNH:0
FNDA:0,(anonymous_0)
FNDA:0,(anonymous_1)
FNDA:0,(anonymous_2)
FNDA:0,(anonymous_3)
FNDA:0,(anonymous_4)
FNDA:0,(anonymous_5)
FNDA:0,(anonymous_6)
FNDA:0,(anonymous_7)
FNDA:0,(anonymous_8)
FNDA:0,(anonymous_9)
FNDA:0,(anonymous_10)
FNDA:0,(anonymous_11)
FNDA:0,(anonymous_12)
FNDA:0,(anonymous_13)
FNDA:0,(anonymous_14)
FNDA:0,(anonymous_15)
FNDA:0,(anonymous_16)
FNDA:0,(anonymous_17)
FNDA:0,(anonymous_18)
FNDA:0,(anonymous_19)
FNDA:0,(anonymous_20)
FNDA:0,(anonymous_21)
DA:2,7
DA:4,7
DA:5,7
DA:9,7
DA:15,0
DA:16,0
DA:18,0
DA:22,0
DA:28,0
DA:29,0
DA:31,0
DA:32,0
DA:33,0
DA:35,0
DA:37,0
DA:42,0
DA:43,0
DA:44,0
DA:45,0
DA:46,0
DA:48,0
DA:51,7
DA:59,0
DA:60,0
DA:61,0
DA:63,0
DA:65,0
DA:66,0
DA:68,0
DA:72,0
DA:73,0
DA:76,0
DA:83,0
DA:84,0
DA:85,0
DA:87,0
DA:91,0
DA:92,0
DA:93,0
DA:96,0
DA:104,7
DA:109,0
DA:112,0
DA:114,0
DA:115,0
DA:116,0
DA:117,0
DA:120,0
DA:121,0
DA:123,0
DA:125,0
DA:127,0
DA:131,0
DA:134,0
DA:137,0
DA:140,0
DA:141,0
DA:145,0
DA:146,0
DA:147,0
DA:154,7
DA:155,0
DA:156,0
LF:63
LH:7
BRDA:44,0,0,0
BRDA:44,0,1,0
BRDA:61,1,0,0
BRDA:61,1,1,0
BRDA:63,2,0,0
BRDA:63,2,1,0
BRDA:63,2,2,0
BRDA:85,3,0,0
BRDA:85,3,1,0
BRDA:87,4,0,0
BRDA:87,4,1,0
BRDA:87,4,2,0
BRDA:87,4,3,0
BRDA:87,4,4,0
BRDA:87,4,5,0
BRDA:87,4,6,0
BRDA:87,4,7,0
BRDA:87,4,8,0
BRDA:87,4,9,0
BRDA:87,4,10,0
BRDA:87,4,11,0
BRDA:87,4,12,0
BRDA:145,5,0,0
BRDA:145,5,1,0
BRF:24
BRH:0
end_of_record
TN:
SF:app\utility\dbConn.js
FN:4,(anonymous_0)
FN:12,(anonymous_1)
FN:19,(anonymous_2)
FN:36,(anonymous_3)
FN:90,(anonymous_4)
FN:91,(anonymous_5)
FN:92,(anonymous_6)
FN:97,(anonymous_7)
FNF:8
FNH:0
FNDA:0,(anonymous_0)
FNDA:0,(anonymous_1)
FNDA:0,(anonymous_2)
FNDA:0,(anonymous_3)
FNDA:0,(anonymous_4)
FNDA:0,(anonymous_5)
FNDA:0,(anonymous_6)
FNDA:0,(anonymous_7)
DA:3,10
DA:5,0
DA:6,0
DA:7,0
DA:11,10
DA:13,0
DA:14,0
DA:16,0
DA:17,0
DA:19,0
DA:21,0
DA:22,0
DA:23,0
DA:24,0
DA:25,0
DA:27,0
DA:29,0
DA:30,0
DA:33,0
DA:34,0
DA:48,0
DA:49,0
DA:50,0
DA:51,0
DA:55,0
DA:57,0
DA:70,0
DA:72,0
DA:82,0
DA:83,0
DA:86,0
DA:87,0
DA:90,0
DA:91,0
DA:92,0
DA:96,10
DA:98,0
DA:99,0
LF:38
LH:3
BRDA:4,0,0,0
BRDA:6,1,0,0
BRDA:6,1,1,0
BRDA:22,2,0,0
BRDA:22,2,1,0
BRDA:22,3,0,0
BRDA:22,3,1,0
BRDA:22,3,2,0
BRDA:29,4,0,0
BRDA:29,4,1,0
BRDA:55,5,0,0
BRDA:55,5,1,0
BRDA:55,5,2,0
BRDA:97,6,0,0
BRF:14
BRH:0
end_of_record
TN:
SF:app\utility\usefulFunc.js
FN:5,(anonymous_0)
FN:6,(anonymous_1)
FN:7,(anonymous_2)
FN:8,(anonymous_3)
FN:9,(anonymous_4)
FN:12,(anonymous_5)
FN:13,(anonymous_6)
FN:14,(anonymous_7)
FN:18,(anonymous_8)
FN:26,(anonymous_9)
FN:33,(anonymous_10)
FN:35,(anonymous_11)
FN:36,(anonymous_12)
FN:39,(anonymous_13)
FN:49,(anonymous_14)
FN:75,(anonymous_15)
FN:99,(anonymous_16)
FNF:17
FNH:17
FNDA:37,(anonymous_0)
FNDA:18,(anonymous_1)
FNDA:4,(anonymous_2)
FNDA:7,(anonymous_3)
FNDA:9,(anonymous_4)
FNDA:33,(anonymous_5)
FNDA:23,(anonymous_6)
FNDA:13,(anonymous_7)
FNDA:22,(anonymous_8)
FNDA:15,(anonymous_9)
FNDA:2,(anonymous_10)
FNDA:1,(anonymous_11)
FNDA:1,(anonymous_12)
FNDA:3,(anonymous_13)
FNDA:4,(anonymous_14)
FNDA:4,(anonymous_15)
FNDA:7,(anonymous_16)
DA:4,12
DA:5,37
DA:6,18
DA:7,4
DA:8,7
DA:9,9
DA:12,33
DA:13,23
DA:15,13
DA:16,7
DA:19,22
DA:20,22
DA:22,12
DA:23,4
DA:24,18
DA:26,15
DA:30,12
DA:33,2
DA:35,1
DA:36,1
DA:40,3
DA:41,2
DA:42,2
DA:50,4
DA:51,4
DA:53,4
DA:54,1
DA:55,1
DA:56,4
DA:58,4
DA:59,4
DA:62,3
DA:63,2
DA:64,2
DA:65,8
DA:67,8
DA:68,8
DA:71,1
DA:73,3
DA:76,4
DA:78,4
DA:79,1
DA:80,1
DA:81,4
DA:82,4
DA:83,4
DA:86,3
DA:87,2
DA:88,2
DA:89,8
DA:90,8
DA:91,8
DA:94,1
DA:96,3
DA:100,7
DA:102,7
DA:103,3
DA:104,3
DA:105,12
DA:106,3
DA:109,4
DA:110,12
DA:112,1
DA:113,6
LF:64
LH:64
BRDA:6,0,0,18
BRDA:6,0,1,11
BRDA:7,1,0,4
BRDA:7,1,1,3
BRDA:15,2,0,6
BRDA:15,2,1,7
BRDA:22,3,0,8
BRDA:22,3,1,4
BRDA:26,4,0,15
BRDA:26,4,1,7
BRDA:39,5,0,1
BRDA:40,6,0,1
BRDA:40,6,1,2
BRDA:53,7,0,1
BRDA:53,7,1,3
BRDA:58,8,0,3
BRDA:58,8,1,1
BRDA:62,9,0,2
BRDA:62,9,1,1
BRDA:67,10,0,2
BRDA:67,10,1,6
BRDA:78,11,0,1
BRDA:78,11,1,3
BRDA:82,12,0,3
BRDA:82,12,1,1
BRDA:86,13,0,2
BRDA:86,13,1,1
BRDA:90,14,0,6
BRDA:90,14,1,2
BRDA:102,15,0,3
BRDA:102,15,1,4
BRDA:109,16,0,3
BRDA:109,16,1,1
BRF:33
BRH:33
end_of_record
